{"/home/travis/build/npmtest/node-npmtest-next/test.js":{"path":"/home/travis/build/npmtest/node-npmtest-next/test.js","s":{"1":2,"2":2,"3":2,"4":2,"5":2,"6":2,"7":2,"8":1,"9":2,"10":2,"11":1,"12":1,"13":1,"14":1,"15":2,"16":2,"17":2,"18":2,"19":1,"20":1,"21":2,"22":2,"23":2,"24":1,"25":1,"26":1,"27":1,"28":1,"29":1,"30":1,"31":1,"32":1,"33":1,"34":1,"35":1,"36":1,"37":1,"38":1,"39":2,"40":2,"41":1,"42":2,"43":2,"44":1,"45":2,"46":2,"47":1,"48":2,"49":2,"50":1,"51":1,"52":1,"53":1,"54":1},"b":{"1":[2,1,1,1],"2":[1,1,1,1],"3":[1,1],"4":[1,1],"5":[1,1],"6":[1,1],"7":[1,1],"8":[1,1],"9":[1,1],"10":[1,1,1],"11":[1,1],"12":[1,1],"13":[1,1],"14":[1,1],"15":[1,1],"16":[1,1],"17":[1,1]},"f":{"1":2,"2":2,"3":2,"4":2,"5":2,"6":1,"7":1,"8":1,"9":2,"10":2,"11":2,"12":2,"13":1},"fnMap":{"1":{"name":"(anonymous_1)","line":12,"loc":{"start":{"line":12,"column":1},"end":{"line":12,"column":13}}},"2":{"name":"(anonymous_2)","line":19,"loc":{"start":{"line":19,"column":5},"end":{"line":19,"column":17}}},"3":{"name":"(anonymous_3)","line":23,"loc":{"start":{"line":23,"column":24},"end":{"line":23,"column":36}}},"4":{"name":"(anonymous_4)","line":61,"loc":{"start":{"line":61,"column":5},"end":{"line":61,"column":17}}},"5":{"name":"(anonymous_5)","line":82,"loc":{"start":{"line":82,"column":5},"end":{"line":82,"column":17}}},"6":{"name":"(anonymous_6)","line":91,"loc":{"start":{"line":91,"column":77},"end":{"line":94,"column":10}}},"7":{"name":"(anonymous_7)","line":112,"loc":{"start":{"line":112,"column":83},"end":{"line":115,"column":10}},"skip":true},"8":{"name":"(anonymous_8)","line":123,"loc":{"start":{"line":123,"column":77},"end":{"line":126,"column":10}},"skip":true},"9":{"name":"(anonymous_9)","line":139,"loc":{"start":{"line":139,"column":12},"end":{"line":139,"column":40}},"skip":true},"10":{"name":"(anonymous_10)","line":147,"loc":{"start":{"line":147,"column":77},"end":{"line":150,"column":10}},"skip":true},"11":{"name":"(anonymous_11)","line":158,"loc":{"start":{"line":158,"column":83},"end":{"line":161,"column":10}},"skip":true},"12":{"name":"(anonymous_12)","line":169,"loc":{"start":{"line":169,"column":79},"end":{"line":172,"column":10}},"skip":true},"13":{"name":"(anonymous_13)","line":180,"loc":{"start":{"line":180,"column":75},"end":{"line":183,"column":10}},"skip":true}},"statementMap":{"1":{"start":{"line":12,"column":0},"end":{"line":195,"column":5}},"2":{"start":{"line":14,"column":4},"end":{"line":14,"column":14}},"3":{"start":{"line":19,"column":4},"end":{"line":56,"column":9}},"4":{"start":{"line":21,"column":8},"end":{"line":21,"column":19}},"5":{"start":{"line":23,"column":8},"end":{"line":35,"column":13}},"6":{"start":{"line":24,"column":12},"end":{"line":34,"column":13}},"7":{"start":{"line":25,"column":16},"end":{"line":28,"column":30}},"8":{"start":{"line":30,"column":16},"end":{"line":33,"column":27}},"9":{"start":{"line":37,"column":8},"end":{"line":39,"column":21}},"10":{"start":{"line":40,"column":8},"end":{"line":53,"column":9}},"11":{"start":{"line":43,"column":12},"end":{"line":46,"column":14}},"12":{"start":{"line":47,"column":12},"end":{"line":47,"column":18}},"13":{"start":{"line":50,"column":12},"end":{"line":51,"column":33}},"14":{"start":{"line":52,"column":12},"end":{"line":52,"column":18}},"15":{"start":{"line":55,"column":8},"end":{"line":55,"column":35}},"16":{"start":{"line":61,"column":4},"end":{"line":63,"column":9}},"17":{"start":{"line":62,"column":8},"end":{"line":62,"column":15}},"18":{"start":{"line":64,"column":4},"end":{"line":77,"column":5}},"19":{"start":{"line":70,"column":8},"end":{"line":70,"column":14}},"20":{"start":{"line":76,"column":8},"end":{"line":76,"column":14}},"21":{"start":{"line":82,"column":4},"end":{"line":84,"column":9}},"22":{"start":{"line":83,"column":8},"end":{"line":83,"column":15}},"23":{"start":{"line":85,"column":4},"end":{"line":194,"column":5}},"24":{"start":{"line":91,"column":8},"end":{"line":99,"column":10}},"25":{"start":{"line":98,"column":12},"end":{"line":98,"column":35}},"26":{"start":{"line":102,"column":8},"end":{"line":104,"column":63}},"27":{"start":{"line":105,"column":8},"end":{"line":105,"column":14}},"28":{"start":{"line":112,"column":8},"end":{"line":121,"column":10},"skip":true},"29":{"start":{"line":119,"column":12},"end":{"line":119,"column":55},"skip":true},"30":{"start":{"line":120,"column":12},"end":{"line":120,"column":48},"skip":true},"31":{"start":{"line":123,"column":8},"end":{"line":136,"column":10},"skip":true},"32":{"start":{"line":130,"column":12},"end":{"line":130,"column":76},"skip":true},"33":{"start":{"line":131,"column":12},"end":{"line":131,"column":73},"skip":true},"34":{"start":{"line":132,"column":12},"end":{"line":132,"column":74},"skip":true},"35":{"start":{"line":133,"column":12},"end":{"line":133,"column":79},"skip":true},"36":{"start":{"line":134,"column":12},"end":{"line":134,"column":25},"skip":true},"37":{"start":{"line":135,"column":12},"end":{"line":135,"column":45},"skip":true},"38":{"start":{"line":138,"column":8},"end":{"line":145,"column":14},"skip":true},"39":{"start":{"line":143,"column":16},"end":{"line":143,"column":29},"skip":true},"40":{"start":{"line":144,"column":16},"end":{"line":144,"column":55},"skip":true},"41":{"start":{"line":147,"column":8},"end":{"line":156,"column":10},"skip":true},"42":{"start":{"line":154,"column":12},"end":{"line":154,"column":25},"skip":true},"43":{"start":{"line":155,"column":12},"end":{"line":155,"column":45},"skip":true},"44":{"start":{"line":158,"column":8},"end":{"line":167,"column":10},"skip":true},"45":{"start":{"line":165,"column":12},"end":{"line":165,"column":25},"skip":true},"46":{"start":{"line":166,"column":12},"end":{"line":166,"column":48},"skip":true},"47":{"start":{"line":169,"column":8},"end":{"line":178,"column":10},"skip":true},"48":{"start":{"line":176,"column":12},"end":{"line":176,"column":25},"skip":true},"49":{"start":{"line":177,"column":12},"end":{"line":177,"column":46},"skip":true},"50":{"start":{"line":180,"column":8},"end":{"line":189,"column":10},"skip":true},"51":{"start":{"line":187,"column":12},"end":{"line":187,"column":94},"skip":true},"52":{"start":{"line":188,"column":12},"end":{"line":188,"column":48},"skip":true},"53":{"start":{"line":192,"column":8},"end":{"line":192,"column":35},"skip":true},"54":{"start":{"line":193,"column":8},"end":{"line":193,"column":14},"skip":true}},"branchMap":{"1":{"line":25,"type":"binary-expr","locations":[{"start":{"line":25,"column":23},"end":{"line":25,"column":62}},{"start":{"line":26,"column":20},"end":{"line":26,"column":70}},{"start":{"line":27,"column":20},"end":{"line":27,"column":71}},{"start":{"line":28,"column":20},"end":{"line":28,"column":29}}]},"2":{"line":30,"type":"binary-expr","locations":[{"start":{"line":30,"column":23},"end":{"line":30,"column":37}},{"start":{"line":31,"column":20},"end":{"line":31,"column":61}},{"start":{"line":32,"column":20},"end":{"line":32,"column":70}},{"start":{"line":33,"column":20},"end":{"line":33,"column":26}}]},"3":{"line":37,"type":"cond-expr","locations":[{"start":{"line":38,"column":14},"end":{"line":38,"column":20}},{"start":{"line":39,"column":14},"end":{"line":39,"column":20}}]},"4":{"line":40,"type":"switch","locations":[{"start":{"line":42,"column":8},"end":{"line":47,"column":18}},{"start":{"line":49,"column":8},"end":{"line":52,"column":18}}]},"5":{"line":44,"type":"binary-expr","locations":[{"start":{"line":44,"column":16},"end":{"line":44,"column":44}},{"start":{"line":44,"column":48},"end":{"line":44,"column":66}}]},"6":{"line":50,"type":"binary-expr","locations":[{"start":{"line":50,"column":21},"end":{"line":50,"column":49}},{"start":{"line":50,"column":53},"end":{"line":50,"column":72}}]},"7":{"line":64,"type":"switch","locations":[{"start":{"line":69,"column":4},"end":{"line":70,"column":14}},{"start":{"line":75,"column":4},"end":{"line":76,"column":14}}]},"8":{"line":85,"type":"switch","locations":[{"start":{"line":90,"column":4},"end":{"line":105,"column":14}},{"start":{"line":111,"column":4},"end":{"line":193,"column":14},"skip":true}]},"9":{"line":91,"type":"binary-expr","locations":[{"start":{"line":91,"column":42},"end":{"line":91,"column":73}},{"start":{"line":91,"column":77},"end":{"line":99,"column":9}}]},"10":{"line":102,"type":"binary-expr","locations":[{"start":{"line":102,"column":18},"end":{"line":102,"column":32}},{"start":{"line":103,"column":12},"end":{"line":103,"column":53}},{"start":{"line":104,"column":12},"end":{"line":104,"column":61}}]},"11":{"line":112,"type":"binary-expr","locations":[{"start":{"line":112,"column":45},"end":{"line":112,"column":79},"skip":true},{"start":{"line":112,"column":83},"end":{"line":121,"column":9},"skip":true}]},"12":{"line":123,"type":"binary-expr","locations":[{"start":{"line":123,"column":42},"end":{"line":123,"column":73},"skip":true},{"start":{"line":123,"column":77},"end":{"line":136,"column":9},"skip":true}]},"13":{"line":138,"type":"binary-expr","locations":[{"start":{"line":138,"column":48},"end":{"line":138,"column":85},"skip":true},{"start":{"line":139,"column":12},"end":{"line":145,"column":13},"skip":true}]},"14":{"line":147,"type":"binary-expr","locations":[{"start":{"line":147,"column":42},"end":{"line":147,"column":73},"skip":true},{"start":{"line":147,"column":77},"end":{"line":156,"column":9},"skip":true}]},"15":{"line":158,"type":"binary-expr","locations":[{"start":{"line":158,"column":45},"end":{"line":158,"column":79},"skip":true},{"start":{"line":158,"column":83},"end":{"line":167,"column":9},"skip":true}]},"16":{"line":169,"type":"binary-expr","locations":[{"start":{"line":169,"column":43},"end":{"line":169,"column":75},"skip":true},{"start":{"line":169,"column":79},"end":{"line":178,"column":9},"skip":true}]},"17":{"line":180,"type":"binary-expr","locations":[{"start":{"line":180,"column":41},"end":{"line":180,"column":71},"skip":true},{"start":{"line":180,"column":75},"end":{"line":189,"column":9},"skip":true}]}},"code":["/* istanbul instrument in package npmtest_next */","/*jslint","    bitwise: true,","    browser: true,","    maxerr: 8,","    maxlen: 96,","    node: true,","    nomen: true,","    regexp: true,","    stupid: true","*/","(function () {","    'use strict';","    var local;","","","","    // run shared js-env code - pre-init","    (function () {","        // init local","        local = {};","        // init modeJs","        local.modeJs = (function () {","            try {","                return typeof navigator.userAgent === 'string' &&","                    typeof document.querySelector('body') === 'object' &&","                    typeof XMLHttpRequest.prototype.open === 'function' &&","                    'browser';","            } catch (errorCaughtBrowser) {","                return module.exports &&","                    typeof process.versions.node === 'string' &&","                    typeof require('http').createServer === 'function' &&","                    'node';","            }","        }());","        // init global","        local.global = local.modeJs === 'browser'","            ? window","            : global;","        switch (local.modeJs) {","        // re-init local from window.local","        case 'browser':","            local = local.global.utility2.objectSetDefault(","                local.global.utility2_rollup || local.global.local,","                local.global.utility2","            );","            break;","        // re-init local from example.js","        case 'node':","            local = (local.global.utility2_rollup || require('utility2'))","                .requireReadme();","            break;","        }","        // export local","        local.global.local = local;","    }());","","","","    // run shared js-env code - function","    (function () {","        return;","    }());","    switch (local.modeJs) {","","","","    // run browser js-env code - function","    case 'browser':","        break;","","","","    // run node js-env code - function","    case 'node':","        break;","    }","","","","    // run shared js-env code - post-init","    (function () {","        return;","    }());","    switch (local.modeJs) {","","","","    // run browser js-env code - post-init","    case 'browser':","        local.testCase_browser_nullCase = local.testCase_browser_nullCase || function (","            options,","            onError","        ) {","        /*","         * this function will test browsers's null-case handling-behavior-behavior","         */","            onError(null, options);","        };","","        // run tests","        local.nop(local.modeTest &&","            document.querySelector('#testRunButton1') &&","            document.querySelector('#testRunButton1').click());","        break;","","","","    // run node js-env code - post-init","    /* istanbul ignore next */","    case 'node':","        local.testCase_buildApidoc_default = local.testCase_buildApidoc_default || function (","            options,","            onError","        ) {","        /*","         * this function will test buildApidoc's default handling-behavior-behavior","         */","            options = { modulePathList: module.paths };","            local.buildApidoc(options, onError);","        };","","        local.testCase_buildApp_default = local.testCase_buildApp_default || function (","            options,","            onError","        ) {","        /*","         * this function will test buildApp's default handling-behavior-behavior","         */","            local.testCase_buildReadme_default(options, local.onErrorThrow);","            local.testCase_buildLib_default(options, local.onErrorThrow);","            local.testCase_buildTest_default(options, local.onErrorThrow);","            local.testCase_buildCustomOrg_default(options, local.onErrorThrow);","            options = [];","            local.buildApp(options, onError);","        };","","        local.testCase_buildCustomOrg_default = local.testCase_buildCustomOrg_default ||","            function (options, onError) {","            /*","             * this function will test buildCustomOrg's default handling-behavior","             */","                options = {};","                local.buildCustomOrg(options, onError);","            };","","        local.testCase_buildLib_default = local.testCase_buildLib_default || function (","            options,","            onError","        ) {","        /*","         * this function will test buildLib's default handling-behavior","         */","            options = {};","            local.buildLib(options, onError);","        };","","        local.testCase_buildReadme_default = local.testCase_buildReadme_default || function (","            options,","            onError","        ) {","        /*","         * this function will test buildReadme's default handling-behavior-behavior","         */","            options = {};","            local.buildReadme(options, onError);","        };","","        local.testCase_buildTest_default = local.testCase_buildTest_default || function (","            options,","            onError","        ) {","        /*","         * this function will test buildTest's default handling-behavior","         */","            options = {};","            local.buildTest(options, onError);","        };","","        local.testCase_webpage_default = local.testCase_webpage_default || function (","            options,","            onError","        ) {","        /*","         * this function will test webpage's default handling-behavior","         */","            options = { modeCoverageMerge: true, url: local.serverLocalHost + '?modeTest=1' };","            local.browserTest(options, onError);","        };","","        // run test-server","        local.testRunServer(local);","        break;","    }","}());",""],"l":{"12":2,"14":2,"19":2,"21":2,"23":2,"24":2,"25":2,"30":1,"37":2,"40":2,"43":1,"47":1,"50":1,"52":1,"55":2,"61":2,"62":2,"64":2,"70":1,"76":1,"82":2,"83":2,"85":2,"91":1,"98":1,"102":1,"105":1,"112":1,"119":1,"120":1,"123":1,"130":1,"131":1,"132":1,"133":1,"134":1,"135":1,"138":1,"143":2,"144":2,"147":1,"154":2,"155":2,"158":1,"165":2,"166":2,"169":1,"176":2,"177":2,"180":1,"187":1,"188":1,"192":1,"193":1}},"/home/travis/build/npmtest/node-npmtest-next/lib.npmtest_next.js":{"path":"/home/travis/build/npmtest/node-npmtest-next/lib.npmtest_next.js","s":{"1":2,"2":2,"3":2,"4":2,"5":2,"6":2,"7":2,"8":1,"9":2,"10":2,"11":2,"12":2,"13":1,"14":1,"15":1,"16":1},"b":{"1":[2,1,1,1],"2":[1,1,1,1],"3":[1,1],"4":[2,2],"5":[1,1]},"f":{"1":2,"2":2,"3":2},"fnMap":{"1":{"name":"(anonymous_1)","line":12,"loc":{"start":{"line":12,"column":1},"end":{"line":12,"column":13}}},"2":{"name":"(anonymous_2)","line":19,"loc":{"start":{"line":19,"column":5},"end":{"line":19,"column":17}}},"3":{"name":"(anonymous_3)","line":23,"loc":{"start":{"line":23,"column":24},"end":{"line":23,"column":36}}}},"statementMap":{"1":{"start":{"line":12,"column":0},"end":{"line":53,"column":5}},"2":{"start":{"line":14,"column":4},"end":{"line":14,"column":14}},"3":{"start":{"line":19,"column":4},"end":{"line":52,"column":9}},"4":{"start":{"line":21,"column":8},"end":{"line":21,"column":19}},"5":{"start":{"line":23,"column":8},"end":{"line":35,"column":13}},"6":{"start":{"line":24,"column":12},"end":{"line":34,"column":13}},"7":{"start":{"line":25,"column":16},"end":{"line":28,"column":30}},"8":{"start":{"line":30,"column":16},"end":{"line":33,"column":27}},"9":{"start":{"line":37,"column":8},"end":{"line":39,"column":21}},"10":{"start":{"line":41,"column":8},"end":{"line":41,"column":54}},"11":{"start":{"line":43,"column":8},"end":{"line":43,"column":49}},"12":{"start":{"line":45,"column":8},"end":{"line":51,"column":9}},"13":{"start":{"line":46,"column":12},"end":{"line":46,"column":55}},"14":{"start":{"line":48,"column":12},"end":{"line":48,"column":35}},"15":{"start":{"line":49,"column":12},"end":{"line":49,"column":49}},"16":{"start":{"line":50,"column":12},"end":{"line":50,"column":43}}},"branchMap":{"1":{"line":25,"type":"binary-expr","locations":[{"start":{"line":25,"column":23},"end":{"line":25,"column":62}},{"start":{"line":26,"column":20},"end":{"line":26,"column":70}},{"start":{"line":27,"column":20},"end":{"line":27,"column":71}},{"start":{"line":28,"column":20},"end":{"line":28,"column":29}}]},"2":{"line":30,"type":"binary-expr","locations":[{"start":{"line":30,"column":23},"end":{"line":30,"column":37}},{"start":{"line":31,"column":20},"end":{"line":31,"column":61}},{"start":{"line":32,"column":20},"end":{"line":32,"column":70}},{"start":{"line":33,"column":20},"end":{"line":33,"column":26}}]},"3":{"line":37,"type":"cond-expr","locations":[{"start":{"line":38,"column":14},"end":{"line":38,"column":20}},{"start":{"line":39,"column":14},"end":{"line":39,"column":20}}]},"4":{"line":41,"type":"binary-expr","locations":[{"start":{"line":41,"column":16},"end":{"line":41,"column":44}},{"start":{"line":41,"column":48},"end":{"line":41,"column":53}}]},"5":{"line":45,"type":"if","locations":[{"start":{"line":45,"column":8},"end":{"line":45,"column":8}},{"start":{"line":45,"column":8},"end":{"line":45,"column":8}}]}},"code":["/* istanbul instrument in package npmtest_next */","/*jslint","    bitwise: true,","    browser: true,","    maxerr: 8,","    maxlen: 96,","    node: true,","    nomen: true,","    regexp: true,","    stupid: true","*/","(function () {","    'use strict';","    var local;","","","","    // run shared js-env code - pre-init","    (function () {","        // init local","        local = {};","        // init modeJs","        local.modeJs = (function () {","            try {","                return typeof navigator.userAgent === 'string' &&","                    typeof document.querySelector('body') === 'object' &&","                    typeof XMLHttpRequest.prototype.open === 'function' &&","                    'browser';","            } catch (errorCaughtBrowser) {","                return module.exports &&","                    typeof process.versions.node === 'string' &&","                    typeof require('http').createServer === 'function' &&","                    'node';","            }","        }());","        // init global","        local.global = local.modeJs === 'browser'","            ? window","            : global;","        // init utility2_rollup","        local = local.global.utility2_rollup || local;","        // init lib","        local.local = local.npmtest_next = local;","        // init exports","        if (local.modeJs === 'browser') {","            local.global.utility2_npmtest_next = local;","        } else {","            module.exports = local;","            module.exports.__dirname = __dirname;","            module.exports.module = module;","        }","    }());","}());",""],"l":{"12":2,"14":2,"19":2,"21":2,"23":2,"24":2,"25":2,"30":1,"37":2,"41":2,"43":2,"45":2,"46":1,"48":1,"49":1,"50":1}},"/home/travis/build/npmtest/node-npmtest-next/example.js":{"path":"/home/travis/build/npmtest/node-npmtest-next/example.js","s":{"1":2,"2":2,"3":2,"4":2,"5":2,"6":2,"7":2,"8":1,"9":2,"10":2,"11":2,"12":2,"13":1,"14":2,"15":2,"16":2,"17":2,"18":2,"19":0,"20":2,"21":1,"22":1,"23":1,"24":1,"25":1,"26":0,"27":0,"28":1,"29":1,"30":2,"31":0,"32":0,"33":0,"34":1,"35":2,"36":2,"37":3,"38":3,"39":3,"40":3,"41":0,"42":3,"43":3,"44":3,"45":1,"46":3,"47":1,"48":1,"49":1,"50":1,"51":1,"52":1,"53":1,"54":1,"55":1,"56":1,"57":0,"58":1,"59":6,"60":6,"61":1,"62":2,"63":0,"64":2,"65":1,"66":1,"67":0,"68":0,"69":0,"70":0,"71":0,"72":0,"73":0,"74":0,"75":0,"76":0,"77":0,"78":0,"79":0,"80":0,"81":0,"82":0,"83":0},"b":{"1":[2,1,1,1],"2":[1,1,1,1],"3":[1,1],"4":[2,2],"5":[1,1],"6":[1,1],"7":[2,0],"8":[2,1,1,1,1,1],"9":[0,2,0],"10":[1,1],"11":[2,1,1],"12":[1,0],"13":[0,2],"14":[2,0,0,0,0,0,0],"15":[0,3],"16":[3,0],"17":[1,1],"18":[0,1],"19":[1,2,0,2],"20":[1,0],"21":[1,1],"22":[0,0],"23":[0,0],"24":[0,0],"25":[0,0],"26":[0,0],"27":[0,0],"28":[0,0]},"f":{"1":2,"2":2,"3":2,"4":2,"5":2,"6":2,"7":3,"8":3,"9":3,"10":1,"11":6,"12":0},"fnMap":{"1":{"name":"(anonymous_1)","line":26,"loc":{"start":{"line":26,"column":1},"end":{"line":26,"column":13}}},"2":{"name":"(anonymous_2)","line":33,"loc":{"start":{"line":33,"column":5},"end":{"line":33,"column":17}}},"3":{"name":"(anonymous_3)","line":37,"loc":{"start":{"line":37,"column":24},"end":{"line":37,"column":36}}},"4":{"name":"(anonymous_4)","line":69,"loc":{"start":{"line":69,"column":31},"end":{"line":69,"column":48}},"skip":true},"5":{"name":"(anonymous_5)","line":78,"loc":{"start":{"line":78,"column":26},"end":{"line":78,"column":45}},"skip":true},"6":{"name":"(anonymous_6)","line":123,"loc":{"start":{"line":123,"column":33},"end":{"line":123,"column":48}},"skip":true},"7":{"name":"(anonymous_7)","line":125,"loc":{"start":{"line":125,"column":27},"end":{"line":125,"column":39}},"skip":true},"8":{"name":"(anonymous_8)","line":133,"loc":{"start":{"line":133,"column":59},"end":{"line":133,"column":74}},"skip":true},"9":{"name":"(anonymous_9)","line":143,"loc":{"start":{"line":143,"column":45},"end":{"line":143,"column":62}},"skip":true},"10":{"name":"(anonymous_10)","line":144,"loc":{"start":{"line":144,"column":73},"end":{"line":144,"column":92}},"skip":true},"11":{"name":"(anonymous_11)","line":272,"loc":{"start":{"line":272,"column":51},"end":{"line":272,"column":77}},"skip":true},"12":{"name":"(anonymous_12)","line":315,"loc":{"start":{"line":315,"column":32},"end":{"line":315,"column":61}},"skip":true}},"statementMap":{"1":{"start":{"line":26,"column":0},"end":{"line":326,"column":5}},"2":{"start":{"line":28,"column":4},"end":{"line":28,"column":14}},"3":{"start":{"line":33,"column":4},"end":{"line":60,"column":9}},"4":{"start":{"line":35,"column":8},"end":{"line":35,"column":19}},"5":{"start":{"line":37,"column":8},"end":{"line":49,"column":13}},"6":{"start":{"line":38,"column":12},"end":{"line":48,"column":13}},"7":{"start":{"line":39,"column":16},"end":{"line":42,"column":30}},"8":{"start":{"line":44,"column":16},"end":{"line":47,"column":27}},"9":{"start":{"line":51,"column":8},"end":{"line":53,"column":21}},"10":{"start":{"line":55,"column":8},"end":{"line":57,"column":45}},"11":{"start":{"line":59,"column":8},"end":{"line":59,"column":35}},"12":{"start":{"line":61,"column":4},"end":{"line":325,"column":5}},"13":{"start":{"line":69,"column":8},"end":{"line":121,"column":10},"skip":true},"14":{"start":{"line":70,"column":12},"end":{"line":88,"column":13},"skip":true},"15":{"start":{"line":76,"column":16},"end":{"line":87,"column":19},"skip":true},"16":{"start":{"line":79,"column":20},"end":{"line":86,"column":21},"skip":true},"17":{"start":{"line":82,"column":24},"end":{"line":82,"column":43},"skip":true},"18":{"start":{"line":83,"column":24},"end":{"line":83,"column":30},"skip":true},"19":{"start":{"line":85,"column":24},"end":{"line":85,"column":49},"skip":true},"20":{"start":{"line":89,"column":12},"end":{"line":107,"column":13},"skip":true},"21":{"start":{"line":92,"column":16},"end":{"line":102,"column":17},"skip":true},"22":{"start":{"line":93,"column":20},"end":{"line":93,"column":86},"skip":true},"23":{"start":{"line":94,"column":20},"end":{"line":95,"column":45},"skip":true},"24":{"start":{"line":96,"column":20},"end":{"line":96,"column":42},"skip":true},"25":{"start":{"line":97,"column":20},"end":{"line":97,"column":48},"skip":true},"26":{"start":{"line":100,"column":20},"end":{"line":100,"column":85},"skip":true},"27":{"start":{"line":101,"column":20},"end":{"line":101,"column":96},"skip":true},"28":{"start":{"line":103,"column":16},"end":{"line":103,"column":22},"skip":true},"29":{"start":{"line":106,"column":16},"end":{"line":106,"column":22},"skip":true},"30":{"start":{"line":108,"column":12},"end":{"line":120,"column":13},"skip":true},"31":{"start":{"line":114,"column":16},"end":{"line":119,"column":17},"skip":true},"32":{"start":{"line":116,"column":20},"end":{"line":116,"column":78},"skip":true},"33":{"start":{"line":118,"column":20},"end":{"line":118,"column":47},"skip":true},"34":{"start":{"line":123,"column":8},"end":{"line":141,"column":11},"skip":true},"35":{"start":{"line":124,"column":12},"end":{"line":124,"column":54},"skip":true},"36":{"start":{"line":125,"column":12},"end":{"line":140,"column":14},"skip":true},"37":{"start":{"line":126,"column":16},"end":{"line":126,"column":28},"skip":true},"38":{"start":{"line":127,"column":16},"end":{"line":127,"column":69},"skip":true},"39":{"start":{"line":128,"column":16},"end":{"line":128,"column":75},"skip":true},"40":{"start":{"line":129,"column":16},"end":{"line":131,"column":17},"skip":true},"41":{"start":{"line":130,"column":20},"end":{"line":130,"column":27},"skip":true},"42":{"start":{"line":133,"column":16},"end":{"line":137,"column":36},"skip":true},"43":{"start":{"line":134,"column":20},"end":{"line":136,"column":55},"skip":true},"44":{"start":{"line":139,"column":16},"end":{"line":139,"column":57},"skip":true},"45":{"start":{"line":143,"column":8},"end":{"line":147,"column":11},"skip":true},"46":{"start":{"line":144,"column":12},"end":{"line":146,"column":15},"skip":true},"47":{"start":{"line":145,"column":16},"end":{"line":145,"column":70},"skip":true},"48":{"start":{"line":149,"column":8},"end":{"line":149,"column":31},"skip":true},"49":{"start":{"line":150,"column":8},"end":{"line":150,"column":14},"skip":true},"50":{"start":{"line":158,"column":8},"end":{"line":158,"column":31},"skip":true},"51":{"start":{"line":160,"column":8},"end":{"line":160,"column":33},"skip":true},"52":{"start":{"line":161,"column":8},"end":{"line":161,"column":37},"skip":true},"53":{"start":{"line":162,"column":8},"end":{"line":162,"column":35},"skip":true},"54":{"start":{"line":164,"column":8},"end":{"line":164,"column":50},"skip":true},"55":{"start":{"line":166,"column":8},"end":{"line":256,"column":2},"skip":true},"56":{"start":{"line":258,"column":8},"end":{"line":286,"column":9},"skip":true},"57":{"start":{"line":259,"column":12},"end":{"line":269,"column":14},"skip":true},"58":{"start":{"line":271,"column":12},"end":{"line":285,"column":19},"skip":true},"59":{"start":{"line":274,"column":20},"end":{"line":274,"column":35},"skip":true},"60":{"start":{"line":275,"column":20},"end":{"line":284,"column":21},"skip":true},"61":{"start":{"line":277,"column":24},"end":{"line":277,"column":64},"skip":true},"62":{"start":{"line":279,"column":24},"end":{"line":279,"column":40},"skip":true},"63":{"start":{"line":281,"column":24},"end":{"line":281,"column":40},"skip":true},"64":{"start":{"line":283,"column":24},"end":{"line":283,"column":39},"skip":true},"65":{"start":{"line":288,"column":8},"end":{"line":290,"column":9},"skip":true},"66":{"start":{"line":289,"column":12},"end":{"line":289,"column":18},"skip":true},"67":{"start":{"line":291,"column":8},"end":{"line":293,"column":54},"skip":true},"68":{"start":{"line":296,"column":8},"end":{"line":301,"column":37},"skip":true},"69":{"start":{"line":303,"column":8},"end":{"line":303,"column":82},"skip":true},"70":{"start":{"line":306,"column":8},"end":{"line":308,"column":9},"skip":true},"71":{"start":{"line":307,"column":12},"end":{"line":307,"column":82},"skip":true},"72":{"start":{"line":310,"column":8},"end":{"line":312,"column":9},"skip":true},"73":{"start":{"line":311,"column":12},"end":{"line":311,"column":18},"skip":true},"74":{"start":{"line":313,"column":8},"end":{"line":313,"column":54},"skip":true},"75":{"start":{"line":314,"column":8},"end":{"line":314,"column":69},"skip":true},"76":{"start":{"line":315,"column":8},"end":{"line":323,"column":36},"skip":true},"77":{"start":{"line":316,"column":12},"end":{"line":316,"column":61},"skip":true},"78":{"start":{"line":317,"column":12},"end":{"line":320,"column":13},"skip":true},"79":{"start":{"line":318,"column":16},"end":{"line":318,"column":75},"skip":true},"80":{"start":{"line":319,"column":16},"end":{"line":319,"column":23},"skip":true},"81":{"start":{"line":321,"column":12},"end":{"line":321,"column":38},"skip":true},"82":{"start":{"line":322,"column":12},"end":{"line":322,"column":27},"skip":true},"83":{"start":{"line":324,"column":8},"end":{"line":324,"column":14},"skip":true}},"branchMap":{"1":{"line":39,"type":"binary-expr","locations":[{"start":{"line":39,"column":23},"end":{"line":39,"column":62}},{"start":{"line":40,"column":20},"end":{"line":40,"column":70}},{"start":{"line":41,"column":20},"end":{"line":41,"column":71}},{"start":{"line":42,"column":20},"end":{"line":42,"column":29}}]},"2":{"line":44,"type":"binary-expr","locations":[{"start":{"line":44,"column":23},"end":{"line":44,"column":37}},{"start":{"line":45,"column":20},"end":{"line":45,"column":61}},{"start":{"line":46,"column":20},"end":{"line":46,"column":70}},{"start":{"line":47,"column":20},"end":{"line":47,"column":26}}]},"3":{"line":51,"type":"cond-expr","locations":[{"start":{"line":52,"column":14},"end":{"line":52,"column":20}},{"start":{"line":53,"column":14},"end":{"line":53,"column":20}}]},"4":{"line":55,"type":"binary-expr","locations":[{"start":{"line":55,"column":16},"end":{"line":55,"column":44}},{"start":{"line":55,"column":49},"end":{"line":57,"column":43}}]},"5":{"line":55,"type":"cond-expr","locations":[{"start":{"line":56,"column":14},"end":{"line":56,"column":48}},{"start":{"line":57,"column":14},"end":{"line":57,"column":43}}]},"6":{"line":61,"type":"switch","locations":[{"start":{"line":68,"column":4},"end":{"line":150,"column":14},"skip":true},{"start":{"line":156,"column":4},"end":{"line":324,"column":14},"skip":true}]},"7":{"line":70,"type":"if","locations":[{"start":{"line":70,"column":12},"end":{"line":70,"column":12},"skip":true},{"start":{"line":70,"column":12},"end":{"line":70,"column":12},"skip":true}]},"8":{"line":70,"type":"binary-expr","locations":[{"start":{"line":70,"column":16},"end":{"line":70,"column":22},"skip":true},{"start":{"line":70,"column":27},"end":{"line":70,"column":32},"skip":true},{"start":{"line":71,"column":20},"end":{"line":71,"column":39},"skip":true},{"start":{"line":72,"column":20},"end":{"line":72,"column":49},"skip":true},{"start":{"line":73,"column":20},"end":{"line":73,"column":58},"skip":true},{"start":{"line":74,"column":20},"end":{"line":74,"column":69},"skip":true}]},"9":{"line":79,"type":"switch","locations":[{"start":{"line":80,"column":20},"end":{"line":80,"column":33},"skip":true},{"start":{"line":81,"column":20},"end":{"line":83,"column":30},"skip":true},{"start":{"line":84,"column":20},"end":{"line":85,"column":49},"skip":true}]},"10":{"line":89,"type":"switch","locations":[{"start":{"line":90,"column":12},"end":{"line":103,"column":22},"skip":true},{"start":{"line":105,"column":12},"end":{"line":106,"column":22},"skip":true}]},"11":{"line":89,"type":"binary-expr","locations":[{"start":{"line":89,"column":20},"end":{"line":89,"column":25},"skip":true},{"start":{"line":89,"column":29},"end":{"line":89,"column":48},"skip":true},{"start":{"line":89,"column":52},"end":{"line":89,"column":74},"skip":true}]},"12":{"line":92,"type":"if","locations":[{"start":{"line":92,"column":16},"end":{"line":92,"column":16},"skip":true},{"start":{"line":92,"column":16},"end":{"line":92,"column":16},"skip":true}]},"13":{"line":108,"type":"if","locations":[{"start":{"line":108,"column":12},"end":{"line":108,"column":12},"skip":true},{"start":{"line":108,"column":12},"end":{"line":108,"column":12},"skip":true}]},"14":{"line":108,"type":"binary-expr","locations":[{"start":{"line":108,"column":16},"end":{"line":108,"column":61},"skip":true},{"start":{"line":108,"column":66},"end":{"line":108,"column":72},"skip":true},{"start":{"line":108,"column":77},"end":{"line":108,"column":82},"skip":true},{"start":{"line":109,"column":20},"end":{"line":109,"column":39},"skip":true},{"start":{"line":110,"column":20},"end":{"line":110,"column":49},"skip":true},{"start":{"line":111,"column":20},"end":{"line":111,"column":58},"skip":true},{"start":{"line":112,"column":20},"end":{"line":112,"column":68},"skip":true}]},"15":{"line":129,"type":"if","locations":[{"start":{"line":129,"column":16},"end":{"line":129,"column":16},"skip":true},{"start":{"line":129,"column":16},"end":{"line":129,"column":16},"skip":true}]},"16":{"line":134,"type":"cond-expr","locations":[{"start":{"line":135,"column":26},"end":{"line":135,"column":29},"skip":true},{"start":{"line":136,"column":26},"end":{"line":136,"column":54},"skip":true}]},"17":{"line":164,"type":"binary-expr","locations":[{"start":{"line":164,"column":27},"end":{"line":164,"column":43},"skip":true},{"start":{"line":164,"column":47},"end":{"line":164,"column":49},"skip":true}]},"18":{"line":258,"type":"if","locations":[{"start":{"line":258,"column":8},"end":{"line":258,"column":8},"skip":true},{"start":{"line":258,"column":8},"end":{"line":258,"column":8},"skip":true}]},"19":{"line":275,"type":"switch","locations":[{"start":{"line":276,"column":20},"end":{"line":277,"column":64},"skip":true},{"start":{"line":278,"column":20},"end":{"line":279,"column":40},"skip":true},{"start":{"line":280,"column":20},"end":{"line":281,"column":40},"skip":true},{"start":{"line":282,"column":20},"end":{"line":283,"column":39},"skip":true}]},"20":{"line":288,"type":"if","locations":[{"start":{"line":288,"column":8},"end":{"line":288,"column":8},"skip":true},{"start":{"line":288,"column":8},"end":{"line":288,"column":8},"skip":true}]},"21":{"line":288,"type":"binary-expr","locations":[{"start":{"line":288,"column":12},"end":{"line":288,"column":40},"skip":true},{"start":{"line":288,"column":44},"end":{"line":288,"column":67},"skip":true}]},"22":{"line":292,"type":"binary-expr","locations":[{"start":{"line":292,"column":12},"end":{"line":292,"column":50},"skip":true},{"start":{"line":293,"column":12},"end":{"line":293,"column":53},"skip":true}]},"23":{"line":297,"type":"binary-expr","locations":[{"start":{"line":297,"column":12},"end":{"line":297,"column":62},"skip":true},{"start":{"line":298,"column":12},"end":{"line":301,"column":36},"skip":true}]},"24":{"line":303,"type":"binary-expr","locations":[{"start":{"line":303,"column":43},"end":{"line":303,"column":75},"skip":true},{"start":{"line":303,"column":79},"end":{"line":303,"column":81},"skip":true}]},"25":{"line":306,"type":"if","locations":[{"start":{"line":306,"column":8},"end":{"line":306,"column":8},"skip":true},{"start":{"line":306,"column":8},"end":{"line":306,"column":8},"skip":true}]},"26":{"line":310,"type":"if","locations":[{"start":{"line":310,"column":8},"end":{"line":310,"column":8},"skip":true},{"start":{"line":310,"column":8},"end":{"line":310,"column":8},"skip":true}]},"27":{"line":313,"type":"binary-expr","locations":[{"start":{"line":313,"column":27},"end":{"line":313,"column":43},"skip":true},{"start":{"line":313,"column":47},"end":{"line":313,"column":53},"skip":true}]},"28":{"line":317,"type":"if","locations":[{"start":{"line":317,"column":12},"end":{"line":317,"column":12},"skip":true},{"start":{"line":317,"column":12},"end":{"line":317,"column":12},"skip":true}]}},"code":["/*","example.js","","quickstart example","","instruction","    1. save this script as example.js","    2. run the shell command:","        $ npm install npmtest-next && PORT=8081 node example.js","    3. play with the browser-demo on http://127.0.0.1:8081","*/","","","","/* istanbul instrument in package npmtest_next */","/*jslint","    bitwise: true,","    browser: true,","    maxerr: 8,","    maxlen: 96,","    node: true,","    nomen: true,","    regexp: true,","    stupid: true","*/","(function () {","    'use strict';","    var local;","","","","    // run shared js-env code - pre-init","    (function () {","        // init local","        local = {};","        // init modeJs","        local.modeJs = (function () {","            try {","                return typeof navigator.userAgent === 'string' &&","                    typeof document.querySelector('body') === 'object' &&","                    typeof XMLHttpRequest.prototype.open === 'function' &&","                    'browser';","            } catch (errorCaughtBrowser) {","                return module.exports &&","                    typeof process.versions.node === 'string' &&","                    typeof require('http').createServer === 'function' &&","                    'node';","            }","        }());","        // init global","        local.global = local.modeJs === 'browser'","            ? window","            : global;","        // init utility2_rollup","        local = local.global.utility2_rollup || (local.modeJs === 'browser'","            ? local.global.utility2_npmtest_next","            : global.utility2_moduleExports);","        // export local","        local.global.local = local;","    }());","    switch (local.modeJs) {","","","","    // post-init","    // run browser js-env code - post-init","    /* istanbul ignore next */","    case 'browser':","        local.testRunBrowser = function (event) {","            if (!event || (event &&","                    event.currentTarget &&","                    event.currentTarget.className &&","                    event.currentTarget.className.includes &&","                    event.currentTarget.className.includes('onreset'))) {","                // reset output","                Array.from(","                    document.querySelectorAll('body > .resettable')","                ).forEach(function (element) {","                    switch (element.tagName) {","                    case 'INPUT':","                    case 'TEXTAREA':","                        element.value = '';","                        break;","                    default:","                        element.textContent = '';","                    }","                });","            }","            switch (event && event.currentTarget && event.currentTarget.id) {","            case 'testRunButton1':","                // show tests","                if (document.querySelector('#testReportDiv1').style.display === 'none') {","                    document.querySelector('#testReportDiv1').style.display = 'block';","                    document.querySelector('#testRunButton1').textContent =","                        'hide internal test';","                    local.modeTest = true;","                    local.testRunDefault(local);","                // hide tests","                } else {","                    document.querySelector('#testReportDiv1').style.display = 'none';","                    document.querySelector('#testRunButton1').textContent = 'run internal test';","                }","                break;","            // custom-case","            default:","                break;","            }","            if (document.querySelector('#inputTextareaEval1') && (!event || (event &&","                    event.currentTarget &&","                    event.currentTarget.className &&","                    event.currentTarget.className.includes &&","                    event.currentTarget.className.includes('oneval')))) {","                // try to eval input-code","                try {","                    /*jslint evil: true*/","                    eval(document.querySelector('#inputTextareaEval1').value);","                } catch (errorCaught) {","                    console.error(errorCaught);","                }","            }","        };","        // log stderr and stdout to #outputTextareaStdout1","        ['error', 'log'].forEach(function (key) {","            console[key + '_original'] = console[key];","            console[key] = function () {","                var element;","                console[key + '_original'].apply(console, arguments);","                element = document.querySelector('#outputTextareaStdout1');","                if (!element) {","                    return;","                }","                // append text to #outputTextareaStdout1","                element.value += Array.from(arguments).map(function (arg) {","                    return typeof arg === 'string'","                        ? arg","                        : JSON.stringify(arg, null, 4);","                }).join(' ') + '\\n';","                // scroll textarea to bottom","                element.scrollTop = element.scrollHeight;","            };","        });","        // init event-handling","        ['change', 'click', 'keyup'].forEach(function (event) {","            Array.from(document.querySelectorAll('.on' + event)).forEach(function (element) {","                element.addEventListener(event, local.testRunBrowser);","            });","        });","        // run tests","        local.testRunBrowser();","        break;","","","","    // run node js-env code - post-init","    /* istanbul ignore next */","    case 'node':","        // export local","        module.exports = local;","        // require modules","        local.fs = require('fs');","        local.http = require('http');","        local.url = require('url');","        // init assets","        local.assetsDict = local.assetsDict || {};","        /* jslint-ignore-begin */","        local.assetsDict['/assets.index.template.html'] = '\\","<!doctype html>\\n\\","<html lang=\"en\">\\n\\","<head>\\n\\","<meta charset=\"UTF-8\">\\n\\","<meta name=\"viewport\" content=\"width=device-width, initial-scale=1\">\\n\\","<title>{{env.npm_package_name}} (v{{env.npm_package_version}})</title>\\n\\","<style>\\n\\","/*csslint\\n\\","    box-sizing: false,\\n\\","    universal-selector: false\\n\\","*/\\n\\","* {\\n\\","    box-sizing: border-box;\\n\\","}\\n\\","body {\\n\\","    background: #dde;\\n\\","    font-family: Arial, Helvetica, sans-serif;\\n\\","    margin: 2rem;\\n\\","}\\n\\","body > * {\\n\\","    margin-bottom: 1rem;\\n\\","}\\n\\",".utility2FooterDiv {\\n\\","    margin-top: 20px;\\n\\","    text-align: center;\\n\\","}\\n\\","</style>\\n\\","<style>\\n\\","/*csslint\\n\\","*/\\n\\","textarea {\\n\\","    font-family: monospace;\\n\\","    height: 10rem;\\n\\","    width: 100%;\\n\\","}\\n\\","textarea[readonly] {\\n\\","    background: #ddd;\\n\\","}\\n\\","</style>\\n\\","</head>\\n\\","<body>\\n\\","<!-- utility2-comment\\n\\","<div id=\"ajaxProgressDiv1\" style=\"background: #d00; height: 2px; left: 0; margin: 0; padding: 0; position: fixed; top: 0; transition: background 0.5s, width 1.5s; width: 25%;\"></div>\\n\\","utility2-comment -->\\n\\","<h1>\\n\\","<!-- utility2-comment\\n\\","    <a\\n\\","        {{#if env.npm_package_homepage}}\\n\\","        href=\"{{env.npm_package_homepage}}\"\\n\\","        {{/if env.npm_package_homepage}}\\n\\","        target=\"_blank\"\\n\\","    >\\n\\","utility2-comment -->\\n\\","        {{env.npm_package_name}} (v{{env.npm_package_version}})\\n\\","<!-- utility2-comment\\n\\","    </a>\\n\\","utility2-comment -->\\n\\","</h1>\\n\\","<h3>{{env.npm_package_description}}</h3>\\n\\","<!-- utility2-comment\\n\\","<h4><a download href=\"assets.app.js\">download standalone app</a></h4>\\n\\","<button class=\"onclick onreset\" id=\"testRunButton1\">run internal test</button><br>\\n\\","<div id=\"testReportDiv1\" style=\"display: none;\"></div>\\n\\","utility2-comment -->\\n\\","\\n\\","\\n\\","\\n\\","<label>stderr and stdout</label>\\n\\","<textarea class=\"resettable\" id=\"outputTextareaStdout1\" readonly></textarea>\\n\\","<!-- utility2-comment\\n\\","{{#if isRollup}}\\n\\","<script src=\"assets.app.js\"></script>\\n\\","{{#unless isRollup}}\\n\\","utility2-comment -->\\n\\","<script src=\"assets.utility2.rollup.js\"></script>\\n\\","<script src=\"jsonp.utility2._stateInit?callback=window.utility2._stateInit\"></script>\\n\\","<script src=\"assets.npmtest_next.rollup.js\"></script>\\n\\","<script src=\"assets.example.js\"></script>\\n\\","<script src=\"assets.test.js\"></script>\\n\\","<!-- utility2-comment\\n\\","{{/if isRollup}}\\n\\","utility2-comment -->\\n\\","<div class=\"utility2FooterDiv\">\\n\\","    [ this app was created with\\n\\","    <a href=\"https://github.com/kaizhu256/node-utility2\" target=\"_blank\">utility2</a>\\n\\","    ]\\n\\","</div>\\n\\","</body>\\n\\","</html>\\n\\","';","        /* jslint-ignore-end */","        if (local.templateRender) {","            local.assetsDict['/'] = local.templateRender(","                local.assetsDict['/assets.index.template.html'],","                {","                    env: local.objectSetDefault(local.env, {","                        npm_package_description: 'the greatest app in the world!',","                        npm_package_name: 'my-app',","                        npm_package_nameAlias: 'my_app',","                        npm_package_version: '0.0.1'","                    })","                }","            );","        } else {","            local.assetsDict['/'] = local.assetsDict['/assets.index.template.html']","                .replace((/\\{\\{env\\.(\\w+?)\\}\\}/g), function (match0, match1) {","                    // jslint-hack","                    String(match0);","                    switch (match1) {","                    case 'npm_package_description':","                        return 'the greatest app in the world!';","                    case 'npm_package_name':","                        return 'my-app';","                    case 'npm_package_nameAlias':","                        return 'my_app';","                    case 'npm_package_version':","                        return '0.0.1';","                    }","                });","        }","        // run the cli","        if (local.global.utility2_rollup || module !== require.main) {","            break;","        }","        local.assetsDict['/assets.example.js'] =","            local.assetsDict['/assets.example.js'] ||","            local.fs.readFileSync(__filename, 'utf8');","        // bug-workaround - long $npm_package_buildCustomOrg","        /* jslint-ignore-begin */","        local.assetsDict['/assets.npmtest_next.rollup.js'] =","            local.assetsDict['/assets.npmtest_next.rollup.js'] ||","            local.fs.readFileSync(","                local.npmtest_next.__dirname + '/lib.npmtest_next.js',","                'utf8'","            ).replace((/^#!/), '//');","        /* jslint-ignore-end */","        local.assetsDict['/favicon.ico'] = local.assetsDict['/favicon.ico'] || '';","        // if $npm_config_timeout_exit exists,","        // then exit this process after $npm_config_timeout_exit ms","        if (Number(process.env.npm_config_timeout_exit)) {","            setTimeout(process.exit, Number(process.env.npm_config_timeout_exit));","        }","        // start server","        if (local.global.utility2_serverHttp1) {","            break;","        }","        process.env.PORT = process.env.PORT || '8081';","        console.error('server starting on port ' + process.env.PORT);","        local.http.createServer(function (request, response) {","            request.urlParsed = local.url.parse(request.url);","            if (local.assetsDict[request.urlParsed.pathname] !== undefined) {","                response.end(local.assetsDict[request.urlParsed.pathname]);","                return;","            }","            response.statusCode = 404;","            response.end();","        }).listen(process.env.PORT);","        break;","    }","}());",""],"l":{"26":2,"28":2,"33":2,"35":2,"37":2,"38":2,"39":2,"44":1,"51":2,"55":2,"59":2,"61":2,"69":1,"70":2,"76":2,"79":2,"82":2,"83":2,"85":1,"89":2,"92":1,"93":1,"94":1,"96":1,"97":1,"100":1,"101":1,"103":1,"106":1,"108":2,"114":1,"116":1,"118":1,"123":1,"124":2,"125":2,"126":3,"127":3,"128":3,"129":3,"130":1,"133":3,"134":3,"139":3,"143":1,"144":3,"145":1,"149":1,"150":1,"158":1,"160":1,"161":1,"162":1,"164":1,"166":1,"258":1,"259":1,"271":1,"274":6,"275":6,"277":1,"279":2,"281":1,"283":2,"288":1,"289":1,"291":1,"296":1,"303":1,"306":1,"307":1,"310":1,"311":1,"313":1,"314":1,"315":1,"316":1,"317":1,"318":1,"319":1,"321":1,"322":1,"324":1}},"/home/travis/build/npmtest/node-npmtest-next/node_modules/next/dist/server/next.js":{"path":"/home/travis/build/npmtest/node-npmtest-next/node_modules/next/dist/server/next.js","s":{"1":2,"2":0,"3":1,"4":0,"5":0,"6":0},"b":{"1":[0,0],"2":[0,0]},"f":{"1":0,"2":0},"fnMap":{"1":{"name":"_interopRequireDefault","line":7,"loc":{"start":{"line":7,"column":0},"end":{"line":7,"column":37}}},"2":{"name":"(anonymous_2)","line":9,"loc":{"start":{"line":9,"column":17},"end":{"line":9,"column":33}}}},"statementMap":{"1":{"start":{"line":3,"column":0},"end":{"line":3,"column":22}},"2":{"start":{"line":5,"column":0},"end":{"line":5,"column":35}},"3":{"start":{"line":7,"column":0},"end":{"line":7,"column":95}},"4":{"start":{"line":7,"column":39},"end":{"line":7,"column":93}},"5":{"start":{"line":9,"column":0},"end":{"line":11,"column":2}},"6":{"start":{"line":10,"column":2},"end":{"line":10,"column":30}}},"branchMap":{"1":{"line":7,"type":"cond-expr","locations":[{"start":{"line":7,"column":70},"end":{"line":7,"column":73}},{"start":{"line":7,"column":76},"end":{"line":7,"column":92}}]},"2":{"line":7,"type":"binary-expr","locations":[{"start":{"line":7,"column":46},"end":{"line":7,"column":49}},{"start":{"line":7,"column":53},"end":{"line":7,"column":67}}]}},"code":["'use strict';","","var _ = require('./');","","var _2 = _interopRequireDefault(_);","","function _interopRequireDefault(obj) { return obj && obj.__esModule ? obj : { default: obj }; }","","module.exports = function (opts) {","  return new _2.default(opts);","};"],"l":{"3":2,"5":0,"7":1,"9":0,"10":0}},"/home/travis/build/npmtest/node-npmtest-next/node_modules/next/dist/server/index.js":{"path":"/home/travis/build/npmtest/node-npmtest-next/node_modules/next/dist/server/index.js","s":{"1":2,"2":2,"3":2,"4":2,"5":2,"6":2,"7":2,"8":2,"9":2,"10":2,"11":2,"12":2,"13":2,"14":2,"15":2,"16":2,"17":2,"18":2,"19":2,"20":2,"21":2,"22":2,"23":2,"24":2,"25":2,"26":2,"27":2,"28":0,"29":0,"30":0,"31":0,"32":0,"33":0,"34":0,"35":0,"36":0,"37":1,"38":22,"39":0,"40":0,"41":1,"42":0,"43":0,"44":0,"45":0,"46":0,"47":0,"48":0,"49":0,"50":0,"51":0,"52":0,"53":0,"54":0,"55":0,"56":0,"57":0,"58":0,"59":0,"60":0,"61":0,"62":0,"63":0,"64":0,"65":0,"66":0,"67":0,"68":0,"69":0,"70":0,"71":0,"72":0,"73":0,"74":0,"75":0,"76":0,"77":0,"78":1,"79":0,"80":0,"81":0,"82":0,"83":0,"84":0,"85":0,"86":0,"87":0,"88":0,"89":0,"90":0,"91":0,"92":0,"93":0,"94":0,"95":0,"96":0,"97":0,"98":0,"99":0,"100":0,"101":1,"102":0,"103":0,"104":0,"105":0,"106":0,"107":0,"108":0,"109":0,"110":0,"111":0,"112":0,"113":0,"114":0,"115":0,"116":0,"117":0,"118":0,"119":0,"120":0,"121":0,"122":0,"123":0,"124":0,"125":0,"126":0,"127":0,"128":0,"129":0,"130":0,"131":0,"132":0,"133":0,"134":0,"135":0,"136":0,"137":0,"138":0,"139":0,"140":0,"141":0,"142":0,"143":0,"144":0,"145":0,"146":0,"147":0,"148":0,"149":0,"150":0,"151":0,"152":0,"153":0,"154":0,"155":0,"156":0,"157":0,"158":0,"159":0,"160":0,"161":0,"162":0,"163":0,"164":0,"165":0,"166":0,"167":0,"168":0,"169":0,"170":0,"171":0,"172":0,"173":0,"174":0,"175":0,"176":0,"177":0,"178":0,"179":0,"180":0,"181":0,"182":0,"183":0,"184":0,"185":0,"186":0,"187":0,"188":0,"189":0,"190":0,"191":0,"192":0,"193":0,"194":0,"195":0,"196":0,"197":0,"198":0,"199":0,"200":0,"201":0,"202":0,"203":0,"204":0,"205":0,"206":0,"207":0,"208":0,"209":0,"210":0,"211":0,"212":0,"213":0,"214":0,"215":0,"216":0,"217":0,"218":0,"219":0,"220":0,"221":0,"222":0,"223":0,"224":0,"225":0,"226":0,"227":0,"228":0,"229":0,"230":0,"231":0,"232":0,"233":0,"234":0,"235":0,"236":0,"237":0,"238":0,"239":0,"240":0,"241":0,"242":0,"243":0,"244":0,"245":0,"246":0,"247":0,"248":1,"249":0,"250":0,"251":0,"252":0,"253":0,"254":0,"255":0,"256":0,"257":0,"258":0,"259":0,"260":0,"261":0,"262":0,"263":0,"264":0,"265":0,"266":0,"267":0,"268":0,"269":0,"270":0,"271":0,"272":0,"273":0,"274":0,"275":0,"276":0,"277":0,"278":1,"279":0,"280":0,"281":0,"282":0,"283":0,"284":0,"285":0,"286":0,"287":0,"288":0,"289":0,"290":0,"291":0,"292":0,"293":0,"294":0,"295":0,"296":0,"297":1,"298":0,"299":0,"300":0,"301":0,"302":0,"303":0,"304":0,"305":0,"306":0,"307":0,"308":0,"309":0,"310":0,"311":0,"312":0,"313":0,"314":0,"315":0,"316":0,"317":0,"318":0,"319":0,"320":0,"321":0,"322":0,"323":0,"324":0,"325":0,"326":0,"327":0,"328":0,"329":0,"330":1,"331":0,"332":0,"333":0,"334":0,"335":0,"336":0,"337":0,"338":0,"339":0,"340":0,"341":0,"342":0,"343":1,"344":0,"345":0,"346":0,"347":0,"348":0,"349":0,"350":0,"351":0,"352":0,"353":0,"354":0,"355":0,"356":0,"357":0,"358":0,"359":0,"360":0,"361":0,"362":0,"363":0,"364":0,"365":0,"366":0,"367":0,"368":0,"369":0,"370":0,"371":0,"372":0,"373":0,"374":0,"375":1,"376":0,"377":0,"378":0,"379":0,"380":0,"381":0,"382":0,"383":0,"384":0,"385":0,"386":0,"387":0,"388":1,"389":0,"390":0,"391":0,"392":0,"393":0,"394":0,"395":0,"396":0,"397":0,"398":0,"399":0,"400":0,"401":0,"402":0,"403":0,"404":0,"405":0,"406":0,"407":0,"408":0,"409":0,"410":0,"411":0,"412":0,"413":0,"414":0,"415":0,"416":0,"417":0,"418":0,"419":0,"420":1,"421":0,"422":0,"423":0,"424":0,"425":0,"426":0,"427":0,"428":0,"429":0,"430":0,"431":0,"432":0,"433":0,"434":0,"435":0,"436":0,"437":0,"438":0,"439":1,"440":0,"441":0,"442":0,"443":0,"444":0,"445":0,"446":0,"447":0,"448":0,"449":0,"450":0,"451":0,"452":0,"453":0,"454":0,"455":0,"456":0,"457":0,"458":0,"459":0,"460":1,"461":0,"462":0,"463":0,"464":0,"465":0,"466":0,"467":0,"468":0,"469":0,"470":0,"471":0,"472":0,"473":0,"474":0,"475":0,"476":0,"477":0,"478":0,"479":0,"480":0,"481":0,"482":0,"483":0,"484":0,"485":0,"486":0,"487":0,"488":0,"489":0,"490":0,"491":0,"492":0,"493":0,"494":0,"495":0,"496":0,"497":0,"498":0,"499":0,"500":0,"501":0,"502":0,"503":0},"b":{"1":[16,6],"2":[22,22],"3":[0,0],"4":[0,0],"5":[0,0],"6":[0,0],"7":[0,0],"8":[0,0],"9":[0,0],"10":[0,0],"11":[0,0],"12":[0,0],"13":[0,0],"14":[0,0],"15":[0,0,0],"16":[0,0],"17":[0,0,0,0],"18":[0,0],"19":[0,0],"20":[0,0],"21":[0,0,0],"22":[0,0,0],"23":[0,0,0],"24":[0,0,0],"25":[0,0,0],"26":[0,0,0,0],"27":[0,0],"28":[0,0],"29":[0,0,0],"30":[0,0],"31":[0,0,0],"32":[0,0],"33":[0,0,0],"34":[0,0],"35":[0,0],"36":[0,0],"37":[0,0,0,0],"38":[0,0,0,0,0,0,0,0],"39":[0,0],"40":[0,0],"41":[0,0],"42":[0,0],"43":[0,0,0,0,0],"44":[0,0],"45":[0,0],"46":[0,0,0,0,0,0,0],"47":[0,0],"48":[0,0],"49":[0,0],"50":[0,0],"51":[0,0,0,0],"52":[0,0,0,0,0,0,0],"53":[0,0],"54":[0,0],"55":[0,0],"56":[0,0],"57":[0,0],"58":[0,0],"59":[0,0,0],"60":[0,0,0,0,0,0,0],"61":[0,0],"62":[0,0],"63":[0,0],"64":[0,0],"65":[0,0,0,0],"66":[0,0],"67":[0,0],"68":[0,0,0,0,0,0],"69":[0,0],"70":[0,0],"71":[0,0],"72":[0,0],"73":[0,0],"74":[0,0],"75":[0,0],"76":[0,0],"77":[0,0],"78":[0,0],"79":[0,0],"80":[0,0]},"f":{"1":22,"2":0,"3":0,"4":0,"5":0,"6":0,"7":0,"8":0,"9":0,"10":0,"11":0,"12":0,"13":0,"14":0,"15":0,"16":0,"17":0,"18":0,"19":0,"20":0,"21":0,"22":0,"23":0,"24":0,"25":0,"26":0,"27":0,"28":0,"29":0,"30":0,"31":0,"32":0,"33":0,"34":0,"35":0,"36":0,"37":0,"38":0,"39":0,"40":0,"41":0,"42":0,"43":0,"44":0,"45":0,"46":0,"47":0,"48":0,"49":0,"50":0,"51":0,"52":0,"53":0,"54":0,"55":0,"56":0,"57":0,"58":0,"59":0,"60":0,"61":0,"62":0,"63":0,"64":0,"65":0,"66":0,"67":0,"68":0,"69":0,"70":0,"71":0,"72":0,"73":0,"74":0,"75":0,"76":0,"77":0,"78":0,"79":0,"80":0,"81":0,"82":0,"83":0,"84":0,"85":0,"86":0,"87":0,"88":0,"89":0,"90":0,"91":0,"92":0,"93":0,"94":0,"95":0,"96":0,"97":0,"98":0,"99":0,"100":0},"fnMap":{"1":{"name":"_interopRequireDefault","line":77,"loc":{"start":{"line":77,"column":0},"end":{"line":77,"column":37}}},"2":{"name":"(anonymous_2)","line":82,"loc":{"start":{"line":82,"column":13},"end":{"line":82,"column":25}}},"3":{"name":"Server","line":83,"loc":{"start":{"line":83,"column":2},"end":{"line":83,"column":20}}},"4":{"name":"handleRequest","line":120,"loc":{"start":{"line":120,"column":11},"end":{"line":120,"column":55}}},"5":{"name":"(anonymous_5)","line":133,"loc":{"start":{"line":133,"column":49},"end":{"line":133,"column":64}}},"6":{"name":"getRequestHandler","line":141,"loc":{"start":{"line":141,"column":11},"end":{"line":141,"column":40}}},"7":{"name":"(anonymous_7)","line":146,"loc":{"start":{"line":146,"column":11},"end":{"line":146,"column":23}}},"8":{"name":"_callee","line":147,"loc":{"start":{"line":147,"column":77},"end":{"line":147,"column":96}}},"9":{"name":"_callee$","line":148,"loc":{"start":{"line":148,"column":42},"end":{"line":148,"column":70}}},"10":{"name":"prepare","line":168,"loc":{"start":{"line":168,"column":6},"end":{"line":168,"column":25}}},"11":{"name":"(anonymous_11)","line":176,"loc":{"start":{"line":176,"column":11},"end":{"line":176,"column":23}}},"12":{"name":"_callee2","line":177,"loc":{"start":{"line":177,"column":77},"end":{"line":177,"column":97}}},"13":{"name":"_callee2$","line":180,"loc":{"start":{"line":180,"column":42},"end":{"line":180,"column":72}}},"14":{"name":"(anonymous_14)","line":199,"loc":{"start":{"line":199,"column":45},"end":{"line":199,"column":72}}},"15":{"name":"(anonymous_15)","line":200,"loc":{"start":{"line":200,"column":36},"end":{"line":200,"column":51}}},"16":{"name":"close","line":214,"loc":{"start":{"line":214,"column":6},"end":{"line":214,"column":23}}},"17":{"name":"defineRoutes","line":222,"loc":{"start":{"line":222,"column":11},"end":{"line":222,"column":35}}},"18":{"name":"(anonymous_18)","line":226,"loc":{"start":{"line":226,"column":32},"end":{"line":226,"column":44}}},"19":{"name":"_callee3","line":227,"loc":{"start":{"line":227,"column":81},"end":{"line":227,"column":117}}},"20":{"name":"_callee3$","line":229,"loc":{"start":{"line":229,"column":46},"end":{"line":229,"column":76}}},"21":{"name":"_nextPrefetcherJs","line":245,"loc":{"start":{"line":245,"column":17},"end":{"line":245,"column":59}}},"22":{"name":"(anonymous_22)","line":250,"loc":{"start":{"line":250,"column":36},"end":{"line":250,"column":48}}},"23":{"name":"_callee4","line":251,"loc":{"start":{"line":251,"column":81},"end":{"line":251,"column":117}}},"24":{"name":"_callee4$","line":253,"loc":{"start":{"line":253,"column":46},"end":{"line":253,"column":76}}},"25":{"name":"_nextHashManifestJs","line":270,"loc":{"start":{"line":270,"column":17},"end":{"line":270,"column":61}}},"26":{"name":"(anonymous_26)","line":275,"loc":{"start":{"line":275,"column":32},"end":{"line":275,"column":44}}},"27":{"name":"_callee5","line":276,"loc":{"start":{"line":276,"column":81},"end":{"line":276,"column":117}}},"28":{"name":"_callee5$","line":278,"loc":{"start":{"line":278,"column":46},"end":{"line":278,"column":76}}},"29":{"name":"_nextHashMainJs","line":295,"loc":{"start":{"line":295,"column":17},"end":{"line":295,"column":58}}},"30":{"name":"(anonymous_30)","line":300,"loc":{"start":{"line":300,"column":35},"end":{"line":300,"column":47}}},"31":{"name":"_callee6","line":301,"loc":{"start":{"line":301,"column":81},"end":{"line":301,"column":117}}},"32":{"name":"_callee6$","line":303,"loc":{"start":{"line":303,"column":46},"end":{"line":303,"column":76}}},"33":{"name":"_nextHashCommonsJs","line":320,"loc":{"start":{"line":320,"column":17},"end":{"line":320,"column":63}}},"34":{"name":"(anonymous_34)","line":325,"loc":{"start":{"line":325,"column":31},"end":{"line":325,"column":43}}},"35":{"name":"_callee7","line":326,"loc":{"start":{"line":326,"column":81},"end":{"line":326,"column":117}}},"36":{"name":"_callee7$","line":328,"loc":{"start":{"line":328,"column":46},"end":{"line":328,"column":76}}},"37":{"name":"_nextHashAppJs","line":345,"loc":{"start":{"line":345,"column":17},"end":{"line":345,"column":59}}},"38":{"name":"(anonymous_38)","line":350,"loc":{"start":{"line":350,"column":40},"end":{"line":350,"column":52}}},"39":{"name":"_callee8","line":351,"loc":{"start":{"line":351,"column":81},"end":{"line":351,"column":117}}},"40":{"name":"_callee8$","line":353,"loc":{"start":{"line":353,"column":46},"end":{"line":353,"column":76}}},"41":{"name":"_nextBuildIdPagesPath","line":380,"loc":{"start":{"line":380,"column":17},"end":{"line":380,"column":66}}},"42":{"name":"(anonymous_42)","line":385,"loc":{"start":{"line":385,"column":25},"end":{"line":385,"column":37}}},"43":{"name":"_callee9","line":386,"loc":{"start":{"line":386,"column":82},"end":{"line":386,"column":118}}},"44":{"name":"_callee9$","line":388,"loc":{"start":{"line":388,"column":46},"end":{"line":388,"column":76}}},"45":{"name":"_nextPath","line":404,"loc":{"start":{"line":404,"column":17},"end":{"line":404,"column":54}}},"46":{"name":"(anonymous_46)","line":409,"loc":{"start":{"line":409,"column":26},"end":{"line":409,"column":38}}},"47":{"name":"_callee10","line":410,"loc":{"start":{"line":410,"column":82},"end":{"line":410,"column":119}}},"48":{"name":"_callee10$","line":412,"loc":{"start":{"line":412,"column":46},"end":{"line":412,"column":78}}},"49":{"name":"staticPath","line":428,"loc":{"start":{"line":428,"column":17},"end":{"line":428,"column":55}}},"50":{"name":"(anonymous_50)","line":433,"loc":{"start":{"line":433,"column":19},"end":{"line":433,"column":31}}},"51":{"name":"_callee11","line":434,"loc":{"start":{"line":434,"column":82},"end":{"line":434,"column":130}}},"52":{"name":"_callee11$","line":436,"loc":{"start":{"line":436,"column":46},"end":{"line":436,"column":78}}},"53":{"name":"path","line":452,"loc":{"start":{"line":452,"column":17},"end":{"line":452,"column":55}}},"54":{"name":"(anonymous_54)","line":488,"loc":{"start":{"line":488,"column":11},"end":{"line":488,"column":23}}},"55":{"name":"_callee12","line":489,"loc":{"start":{"line":489,"column":78},"end":{"line":489,"column":113}}},"56":{"name":"_callee12$","line":492,"loc":{"start":{"line":492,"column":42},"end":{"line":492,"column":74}}},"57":{"name":"(anonymous_57)","line":502,"loc":{"start":{"line":502,"column":45},"end":{"line":502,"column":72}}},"58":{"name":"(anonymous_58)","line":505,"loc":{"start":{"line":505,"column":46},"end":{"line":505,"column":58}}},"59":{"name":"start","line":519,"loc":{"start":{"line":519,"column":6},"end":{"line":519,"column":33}}},"60":{"name":"(anonymous_60)","line":527,"loc":{"start":{"line":527,"column":11},"end":{"line":527,"column":23}}},"61":{"name":"_callee13","line":528,"loc":{"start":{"line":528,"column":78},"end":{"line":528,"column":118}}},"62":{"name":"_callee13$","line":530,"loc":{"start":{"line":530,"column":42},"end":{"line":530,"column":74}}},"63":{"name":"run","line":581,"loc":{"start":{"line":581,"column":6},"end":{"line":581,"column":37}}},"64":{"name":"(anonymous_64)","line":589,"loc":{"start":{"line":589,"column":11},"end":{"line":589,"column":23}}},"65":{"name":"_callee14","line":590,"loc":{"start":{"line":590,"column":78},"end":{"line":590,"column":135}}},"66":{"name":"_callee14$","line":592,"loc":{"start":{"line":592,"column":42},"end":{"line":592,"column":74}}},"67":{"name":"render","line":623,"loc":{"start":{"line":623,"column":6},"end":{"line":623,"column":52}}},"68":{"name":"(anonymous_68)","line":631,"loc":{"start":{"line":631,"column":11},"end":{"line":631,"column":23}}},"69":{"name":"_callee15","line":632,"loc":{"start":{"line":632,"column":78},"end":{"line":632,"column":124}}},"70":{"name":"_callee15$","line":634,"loc":{"start":{"line":634,"column":42},"end":{"line":634,"column":74}}},"71":{"name":"renderToHTML","line":686,"loc":{"start":{"line":686,"column":6},"end":{"line":686,"column":52}}},"72":{"name":"(anonymous_72)","line":694,"loc":{"start":{"line":694,"column":11},"end":{"line":694,"column":23}}},"73":{"name":"_callee16","line":695,"loc":{"start":{"line":695,"column":78},"end":{"line":695,"column":129}}},"74":{"name":"_callee16$","line":697,"loc":{"start":{"line":697,"column":42},"end":{"line":697,"column":74}}},"75":{"name":"renderError","line":716,"loc":{"start":{"line":716,"column":6},"end":{"line":716,"column":57}}},"76":{"name":"(anonymous_76)","line":724,"loc":{"start":{"line":724,"column":11},"end":{"line":724,"column":23}}},"77":{"name":"_callee17","line":725,"loc":{"start":{"line":725,"column":78},"end":{"line":725,"column":129}}},"78":{"name":"_callee17$","line":727,"loc":{"start":{"line":727,"column":42},"end":{"line":727,"column":74}}},"79":{"name":"renderErrorToHTML","line":778,"loc":{"start":{"line":778,"column":6},"end":{"line":778,"column":63}}},"80":{"name":"(anonymous_80)","line":786,"loc":{"start":{"line":786,"column":11},"end":{"line":786,"column":23}}},"81":{"name":"_callee18","line":787,"loc":{"start":{"line":787,"column":78},"end":{"line":787,"column":107}}},"82":{"name":"_callee18$","line":790,"loc":{"start":{"line":790,"column":42},"end":{"line":790,"column":74}}},"83":{"name":"render404","line":807,"loc":{"start":{"line":807,"column":6},"end":{"line":807,"column":37}}},"84":{"name":"(anonymous_84)","line":815,"loc":{"start":{"line":815,"column":11},"end":{"line":815,"column":23}}},"85":{"name":"_callee19","line":816,"loc":{"start":{"line":816,"column":78},"end":{"line":816,"column":113}}},"86":{"name":"_callee19$","line":818,"loc":{"start":{"line":818,"column":42},"end":{"line":818,"column":74}}},"87":{"name":"renderJSON","line":869,"loc":{"start":{"line":869,"column":6},"end":{"line":869,"column":44}}},"88":{"name":"(anonymous_88)","line":877,"loc":{"start":{"line":877,"column":11},"end":{"line":877,"column":23}}},"89":{"name":"_callee20","line":878,"loc":{"start":{"line":878,"column":78},"end":{"line":878,"column":112}}},"90":{"name":"_callee20$","line":880,"loc":{"start":{"line":880,"column":42},"end":{"line":880,"column":74}}},"91":{"name":"renderErrorJSON","line":910,"loc":{"start":{"line":910,"column":6},"end":{"line":910,"column":49}}},"92":{"name":"(anonymous_92)","line":918,"loc":{"start":{"line":918,"column":11},"end":{"line":918,"column":23}}},"93":{"name":"_callee21","line":919,"loc":{"start":{"line":919,"column":78},"end":{"line":919,"column":113}}},"94":{"name":"_callee21$","line":920,"loc":{"start":{"line":920,"column":42},"end":{"line":920,"column":74}}},"95":{"name":"serveStatic","line":955,"loc":{"start":{"line":955,"column":6},"end":{"line":955,"column":45}}},"96":{"name":"isInternalUrl","line":963,"loc":{"start":{"line":963,"column":11},"end":{"line":963,"column":39}}},"97":{"name":"readBuildId","line":995,"loc":{"start":{"line":995,"column":11},"end":{"line":995,"column":34}}},"98":{"name":"handleBuildId","line":1002,"loc":{"start":{"line":1002,"column":11},"end":{"line":1002,"column":48}}},"99":{"name":"getCompilationError","line":1013,"loc":{"start":{"line":1013,"column":11},"end":{"line":1013,"column":46}}},"100":{"name":"handleBuildHash","line":1025,"loc":{"start":{"line":1025,"column":11},"end":{"line":1025,"column":57}}}},"statementMap":{"1":{"start":{"line":3,"column":0},"end":{"line":5,"column":3}},"2":{"start":{"line":7,"column":0},"end":{"line":7,"column":57}},"3":{"start":{"line":9,"column":0},"end":{"line":9,"column":43}},"4":{"start":{"line":11,"column":0},"end":{"line":11,"column":66}},"5":{"start":{"line":13,"column":0},"end":{"line":13,"column":58}},"6":{"start":{"line":15,"column":0},"end":{"line":15,"column":77}},"7":{"start":{"line":17,"column":0},"end":{"line":17,"column":70}},"8":{"start":{"line":19,"column":0},"end":{"line":19,"column":65}},"9":{"start":{"line":21,"column":0},"end":{"line":21,"column":53}},"10":{"start":{"line":23,"column":0},"end":{"line":23,"column":56}},"11":{"start":{"line":25,"column":0},"end":{"line":25,"column":49}},"12":{"start":{"line":27,"column":0},"end":{"line":27,"column":56}},"13":{"start":{"line":29,"column":0},"end":{"line":29,"column":57}},"14":{"start":{"line":31,"column":0},"end":{"line":31,"column":75}},"15":{"start":{"line":33,"column":0},"end":{"line":33,"column":68}},"16":{"start":{"line":35,"column":0},"end":{"line":35,"column":71}},"17":{"start":{"line":37,"column":0},"end":{"line":37,"column":64}},"18":{"start":{"line":39,"column":0},"end":{"line":39,"column":65}},"19":{"start":{"line":41,"column":0},"end":{"line":41,"column":58}},"20":{"start":{"line":43,"column":0},"end":{"line":43,"column":28}},"21":{"start":{"line":45,"column":0},"end":{"line":45,"column":26}},"22":{"start":{"line":47,"column":0},"end":{"line":47,"column":42}},"23":{"start":{"line":49,"column":0},"end":{"line":49,"column":24}},"24":{"start":{"line":51,"column":0},"end":{"line":51,"column":39}},"25":{"start":{"line":53,"column":0},"end":{"line":53,"column":28}},"26":{"start":{"line":55,"column":0},"end":{"line":55,"column":43}},"27":{"start":{"line":57,"column":0},"end":{"line":57,"column":34}},"28":{"start":{"line":59,"column":0},"end":{"line":59,"column":34}},"29":{"start":{"line":61,"column":0},"end":{"line":61,"column":47}},"30":{"start":{"line":63,"column":0},"end":{"line":63,"column":45}},"31":{"start":{"line":65,"column":0},"end":{"line":65,"column":57}},"32":{"start":{"line":67,"column":0},"end":{"line":67,"column":36}},"33":{"start":{"line":69,"column":0},"end":{"line":69,"column":34}},"34":{"start":{"line":71,"column":0},"end":{"line":71,"column":47}},"35":{"start":{"line":73,"column":0},"end":{"line":73,"column":40}},"36":{"start":{"line":75,"column":0},"end":{"line":75,"column":49}},"37":{"start":{"line":77,"column":0},"end":{"line":77,"column":95}},"38":{"start":{"line":77,"column":39},"end":{"line":77,"column":93}},"39":{"start":{"line":79,"column":0},"end":{"line":79,"column":53}},"40":{"start":{"line":82,"column":0},"end":{"line":1035,"column":4}},"41":{"start":{"line":83,"column":2},"end":{"line":116,"column":3}},"42":{"start":{"line":84,"column":4},"end":{"line":92,"column":62}},"43":{"start":{"line":94,"column":4},"end":{"line":94,"column":48}},"44":{"start":{"line":96,"column":4},"end":{"line":96,"column":39}},"45":{"start":{"line":97,"column":4},"end":{"line":97,"column":19}},"46":{"start":{"line":98,"column":4},"end":{"line":98,"column":23}},"47":{"start":{"line":99,"column":4},"end":{"line":99,"column":41}},"48":{"start":{"line":100,"column":4},"end":{"line":100,"column":90}},"49":{"start":{"line":101,"column":4},"end":{"line":101,"column":21}},"50":{"start":{"line":102,"column":4},"end":{"line":102,"column":50}},"51":{"start":{"line":103,"column":4},"end":{"line":103,"column":36}},"52":{"start":{"line":104,"column":4},"end":{"line":104,"column":102}},"53":{"start":{"line":105,"column":4},"end":{"line":105,"column":51}},"54":{"start":{"line":106,"column":4},"end":{"line":113,"column":6}},"55":{"start":{"line":115,"column":4},"end":{"line":115,"column":24}},"56":{"start":{"line":118,"column":2},"end":{"line":1033,"column":6}},"57":{"start":{"line":121,"column":6},"end":{"line":121,"column":23}},"58":{"start":{"line":124,"column":6},"end":{"line":126,"column":7}},"59":{"start":{"line":125,"column":8},"end":{"line":125,"column":51}},"60":{"start":{"line":129,"column":6},"end":{"line":131,"column":7}},"61":{"start":{"line":130,"column":8},"end":{"line":130,"column":67}},"62":{"start":{"line":133,"column":6},"end":{"line":137,"column":9}},"63":{"start":{"line":134,"column":8},"end":{"line":134,"column":45}},"64":{"start":{"line":134,"column":26},"end":{"line":134,"column":45}},"65":{"start":{"line":135,"column":8},"end":{"line":135,"column":29}},"66":{"start":{"line":136,"column":8},"end":{"line":136,"column":41}},"67":{"start":{"line":142,"column":6},"end":{"line":142,"column":43}},"68":{"start":{"line":147,"column":6},"end":{"line":166,"column":10}},"69":{"start":{"line":148,"column":8},"end":{"line":165,"column":26}},"70":{"start":{"line":149,"column":10},"end":{"line":164,"column":11}},"71":{"start":{"line":150,"column":12},"end":{"line":163,"column":13}},"72":{"start":{"line":152,"column":16},"end":{"line":155,"column":17}},"73":{"start":{"line":153,"column":18},"end":{"line":153,"column":36}},"74":{"start":{"line":154,"column":18},"end":{"line":154,"column":24}},"75":{"start":{"line":157,"column":16},"end":{"line":157,"column":34}},"76":{"start":{"line":158,"column":16},"end":{"line":158,"column":48}},"77":{"start":{"line":162,"column":16},"end":{"line":162,"column":39}},"78":{"start":{"line":168,"column":6},"end":{"line":170,"column":7}},"79":{"start":{"line":169,"column":8},"end":{"line":169,"column":44}},"80":{"start":{"line":172,"column":6},"end":{"line":172,"column":21}},"81":{"start":{"line":177,"column":6},"end":{"line":212,"column":10}},"82":{"start":{"line":178,"column":8},"end":{"line":178,"column":26}},"83":{"start":{"line":180,"column":8},"end":{"line":211,"column":27}},"84":{"start":{"line":181,"column":10},"end":{"line":210,"column":11}},"85":{"start":{"line":182,"column":12},"end":{"line":209,"column":13}},"86":{"start":{"line":184,"column":16},"end":{"line":187,"column":17}},"87":{"start":{"line":185,"column":18},"end":{"line":185,"column":37}},"88":{"start":{"line":186,"column":18},"end":{"line":186,"column":24}},"89":{"start":{"line":189,"column":16},"end":{"line":189,"column":35}},"90":{"start":{"line":190,"column":16},"end":{"line":190,"column":47}},"91":{"start":{"line":193,"column":16},"end":{"line":196,"column":17}},"92":{"start":{"line":194,"column":18},"end":{"line":194,"column":37}},"93":{"start":{"line":195,"column":18},"end":{"line":195,"column":24}},"94":{"start":{"line":198,"column":16},"end":{"line":198,"column":35}},"95":{"start":{"line":199,"column":16},"end":{"line":204,"column":19}},"96":{"start":{"line":200,"column":18},"end":{"line":203,"column":21}},"97":{"start":{"line":201,"column":20},"end":{"line":201,"column":48}},"98":{"start":{"line":201,"column":29},"end":{"line":201,"column":48}},"99":{"start":{"line":202,"column":20},"end":{"line":202,"column":37}},"100":{"start":{"line":208,"column":16},"end":{"line":208,"column":40}},"101":{"start":{"line":214,"column":6},"end":{"line":216,"column":7}},"102":{"start":{"line":215,"column":8},"end":{"line":215,"column":44}},"103":{"start":{"line":218,"column":6},"end":{"line":218,"column":19}},"104":{"start":{"line":223,"column":6},"end":{"line":223,"column":24}},"105":{"start":{"line":225,"column":6},"end":{"line":456,"column":8}},"106":{"start":{"line":227,"column":10},"end":{"line":243,"column":14}},"107":{"start":{"line":228,"column":12},"end":{"line":228,"column":18}},"108":{"start":{"line":229,"column":12},"end":{"line":242,"column":33}},"109":{"start":{"line":230,"column":14},"end":{"line":241,"column":15}},"110":{"start":{"line":231,"column":16},"end":{"line":240,"column":17}},"111":{"start":{"line":233,"column":20},"end":{"line":233,"column":90}},"112":{"start":{"line":234,"column":20},"end":{"line":234,"column":39}},"113":{"start":{"line":235,"column":20},"end":{"line":235,"column":59}},"114":{"start":{"line":239,"column":20},"end":{"line":239,"column":44}},"115":{"start":{"line":245,"column":10},"end":{"line":247,"column":12}},"116":{"start":{"line":246,"column":12},"end":{"line":246,"column":48}},"117":{"start":{"line":251,"column":10},"end":{"line":268,"column":14}},"118":{"start":{"line":252,"column":12},"end":{"line":252,"column":18}},"119":{"start":{"line":253,"column":12},"end":{"line":267,"column":33}},"120":{"start":{"line":254,"column":14},"end":{"line":266,"column":15}},"121":{"start":{"line":255,"column":16},"end":{"line":265,"column":17}},"122":{"start":{"line":257,"column":20},"end":{"line":257,"column":76}},"123":{"start":{"line":258,"column":20},"end":{"line":258,"column":82}},"124":{"start":{"line":259,"column":20},"end":{"line":259,"column":39}},"125":{"start":{"line":260,"column":20},"end":{"line":260,"column":59}},"126":{"start":{"line":264,"column":20},"end":{"line":264,"column":44}},"127":{"start":{"line":270,"column":10},"end":{"line":272,"column":12}},"128":{"start":{"line":271,"column":12},"end":{"line":271,"column":48}},"129":{"start":{"line":276,"column":10},"end":{"line":293,"column":14}},"130":{"start":{"line":277,"column":12},"end":{"line":277,"column":18}},"131":{"start":{"line":278,"column":12},"end":{"line":292,"column":33}},"132":{"start":{"line":279,"column":14},"end":{"line":291,"column":15}},"133":{"start":{"line":280,"column":16},"end":{"line":290,"column":17}},"134":{"start":{"line":282,"column":20},"end":{"line":282,"column":72}},"135":{"start":{"line":283,"column":20},"end":{"line":283,"column":78}},"136":{"start":{"line":284,"column":20},"end":{"line":284,"column":39}},"137":{"start":{"line":285,"column":20},"end":{"line":285,"column":59}},"138":{"start":{"line":289,"column":20},"end":{"line":289,"column":44}},"139":{"start":{"line":295,"column":10},"end":{"line":297,"column":12}},"140":{"start":{"line":296,"column":12},"end":{"line":296,"column":48}},"141":{"start":{"line":301,"column":10},"end":{"line":318,"column":14}},"142":{"start":{"line":302,"column":12},"end":{"line":302,"column":18}},"143":{"start":{"line":303,"column":12},"end":{"line":317,"column":33}},"144":{"start":{"line":304,"column":14},"end":{"line":316,"column":15}},"145":{"start":{"line":305,"column":16},"end":{"line":315,"column":17}},"146":{"start":{"line":307,"column":20},"end":{"line":307,"column":75}},"147":{"start":{"line":308,"column":20},"end":{"line":308,"column":81}},"148":{"start":{"line":309,"column":20},"end":{"line":309,"column":39}},"149":{"start":{"line":310,"column":20},"end":{"line":310,"column":59}},"150":{"start":{"line":314,"column":20},"end":{"line":314,"column":44}},"151":{"start":{"line":320,"column":10},"end":{"line":322,"column":12}},"152":{"start":{"line":321,"column":12},"end":{"line":321,"column":48}},"153":{"start":{"line":326,"column":10},"end":{"line":343,"column":14}},"154":{"start":{"line":327,"column":12},"end":{"line":327,"column":18}},"155":{"start":{"line":328,"column":12},"end":{"line":342,"column":33}},"156":{"start":{"line":329,"column":14},"end":{"line":341,"column":15}},"157":{"start":{"line":330,"column":16},"end":{"line":340,"column":17}},"158":{"start":{"line":332,"column":20},"end":{"line":332,"column":71}},"159":{"start":{"line":333,"column":20},"end":{"line":333,"column":77}},"160":{"start":{"line":334,"column":20},"end":{"line":334,"column":39}},"161":{"start":{"line":335,"column":20},"end":{"line":335,"column":59}},"162":{"start":{"line":339,"column":20},"end":{"line":339,"column":44}},"163":{"start":{"line":345,"column":10},"end":{"line":347,"column":12}},"164":{"start":{"line":346,"column":12},"end":{"line":346,"column":48}},"165":{"start":{"line":351,"column":10},"
[...]
mn":34}},"22":{"start":{"line":41,"column":12},"end":{"line":44,"column":13}},"23":{"start":{"line":42,"column":14},"end":{"line":42,"column":32}},"24":{"start":{"line":43,"column":14},"end":{"line":43,"column":20}},"25":{"start":{"line":46,"column":12},"end":{"line":46,"column":63}},"26":{"start":{"line":47,"column":12},"end":{"line":47,"column":125}},"27":{"start":{"line":48,"column":12},"end":{"line":48,"column":37}},"28":{"start":{"line":51,"column":12},"end":{"line":51,"column":52}},"29":{"start":{"line":55,"column":12},"end":{"line":55,"column":35}},"30":{"start":{"line":61,"column":2},"end":{"line":63,"column":4}},"31":{"start":{"line":62,"column":4},"end":{"line":62,"column":39}},"32":{"start":{"line":66,"column":0},"end":{"line":66,"column":20}},"33":{"start":{"line":67,"column":0},"end":{"line":67,"column":28}},"34":{"start":{"line":68,"column":0},"end":{"line":68,"column":32}},"35":{"start":{"line":69,"column":0},"end":{"line":69,"column":36}},"36":{"start":{"line":70,"column":0},"end":{"line":70,"column":46}},"37":{"start":{"line":71,"column":0},"end":{"line":71,"column":24}},"38":{"start":{"line":73,"column":0},"end":{"line":73,"column":95}},"39":{"start":{"line":73,"column":39},"end":{"line":73,"column":93}},"40":{"start":{"line":75,"column":0},"end":{"line":79,"column":1}},"41":{"start":{"line":76,"column":2},"end":{"line":78,"column":3}},"42":{"start":{"line":77,"column":4},"end":{"line":77,"column":27}},"43":{"start":{"line":81,"column":0},"end":{"line":95,"column":1}},"44":{"start":{"line":82,"column":2},"end":{"line":82,"column":19}},"45":{"start":{"line":84,"column":2},"end":{"line":84,"column":19}},"46":{"start":{"line":85,"column":2},"end":{"line":94,"column":4}},"47":{"start":{"line":86,"column":4},"end":{"line":88,"column":5}},"48":{"start":{"line":87,"column":6},"end":{"line":87,"column":35}},"49":{"start":{"line":90,"column":4},"end":{"line":93,"column":5}},"50":{"start":{"line":91,"column":6},"end":{"line":91,"column":18}},"51":{"start":{"line":92,"column":6},"end":{"line":92,"column":28}},"52":{"start":{"line":97,"column":0},"end":{"line":118,"column":1}},"53":{"start":{"line":98,"column":2},"end":{"line":98,"column":55}},"54":{"start":{"line":98,"column":45},"end":{"line":98,"column":55}},"55":{"start":{"line":100,"column":2},"end":{"line":100,"column":21}},"56":{"start":{"line":101,"column":2},"end":{"line":112,"column":4}},"57":{"start":{"line":102,"column":4},"end":{"line":105,"column":5}},"58":{"start":{"line":103,"column":6},"end":{"line":103,"column":20}},"59":{"start":{"line":104,"column":6},"end":{"line":104,"column":29}},"60":{"start":{"line":107,"column":4},"end":{"line":109,"column":5}},"61":{"start":{"line":108,"column":6},"end":{"line":108,"column":37}},"62":{"start":{"line":111,"column":4},"end":{"line":111,"column":32}},"63":{"start":{"line":115,"column":2},"end":{"line":115,"column":35}},"64":{"start":{"line":117,"column":2},"end":{"line":117,"column":15}},"65":{"start":{"line":120,"column":0},"end":{"line":130,"column":1}},"66":{"start":{"line":121,"column":2},"end":{"line":121,"column":83}},"67":{"start":{"line":123,"column":2},"end":{"line":127,"column":3}},"68":{"start":{"line":124,"column":4},"end":{"line":124,"column":25}},"69":{"start":{"line":126,"column":4},"end":{"line":126,"column":27}},"70":{"start":{"line":129,"column":2},"end":{"line":129,"column":21}},"71":{"start":{"line":132,"column":0},"end":{"line":139,"column":1}},"72":{"start":{"line":133,"column":2},"end":{"line":136,"column":35}},"73":{"start":{"line":138,"column":2},"end":{"line":138,"column":63}},"74":{"start":{"line":141,"column":0},"end":{"line":146,"column":1}},"75":{"start":{"line":142,"column":2},"end":{"line":142,"column":34}},"76":{"start":{"line":144,"column":2},"end":{"line":144,"column":35}},"77":{"start":{"line":145,"column":2},"end":{"line":145,"column":39}}},"branchMap":{"1":{"line":25,"type":"switch","locations":[{"start":{"line":26,"column":10},"end":{"line":32,"column":49}},{"start":{"line":34,"column":10},"end":{"line":36,"column":50}},{"start":{"line":38,"column":10},"end":{"line":48,"column":37}},{"start":{"line":50,"column":10},"end":{"line":51,"column":52}},{"start":{"line":53,"column":10},"end":{"line":53,"column":18}},{"start":{"line":54,"column":10},"end":{"line":55,"column":35}}]},"2":{"line":27,"type":"if","locations":[{"start":{"line":27,"column":12},"end":{"line":27,"column":12}},{"start":{"line":27,"column":12},"end":{"line":27,"column":12}}]},"3":{"line":41,"type":"if","locations":[{"start":{"line":41,"column":12},"end":{"line":41,"column":12}},{"start":{"line":41,"column":12},"end":{"line":41,"column":12}}]},"4":{"line":41,"type":"binary-expr","locations":[{"start":{"line":41,"column":18},"end":{"line":41,"column":24}},{"start":{"line":41,"column":29},"end":{"line":41,"column":37}},{"start":{"line":41,"column":41},"end":{"line":41,"column":58}}]},"5":{"line":46,"type":"binary-expr","locations":[{"start":{"line":46,"column":23},"end":{"line":46,"column":44}},{"start":{"line":46,"column":48},"end":{"line":46,"column":62}}]},"6":{"line":73,"type":"cond-expr","locations":[{"start":{"line":73,"column":70},"end":{"line":73,"column":73}},{"start":{"line":73,"column":76},"end":{"line":73,"column":92}}]},"7":{"line":73,"type":"binary-expr","locations":[{"start":{"line":73,"column":46},"end":{"line":73,"column":49}},{"start":{"line":73,"column":53},"end":{"line":73,"column":67}}]},"8":{"line":76,"type":"if","locations":[{"start":{"line":76,"column":2},"end":{"line":76,"column":2}},{"start":{"line":76,"column":2},"end":{"line":76,"column":2}}]},"9":{"line":90,"type":"if","locations":[{"start":{"line":90,"column":4},"end":{"line":90,"column":4}},{"start":{"line":90,"column":4},"end":{"line":90,"column":4}}]},"10":{"line":98,"type":"if","locations":[{"start":{"line":98,"column":2},"end":{"line":98,"column":2}},{"start":{"line":98,"column":2},"end":{"line":98,"column":2}}]},"11":{"line":102,"type":"if","locations":[{"start":{"line":102,"column":4},"end":{"line":102,"column":4}},{"start":{"line":102,"column":4},"end":{"line":102,"column":4}}]},"12":{"line":121,"type":"cond-expr","locations":[{"start":{"line":121,"column":66},"end":{"line":121,"column":78}},{"start":{"line":121,"column":81},"end":{"line":121,"column":82}}]},"13":{"line":121,"type":"binary-expr","locations":[{"start":{"line":121,"column":13},"end":{"line":121,"column":33}},{"start":{"line":121,"column":37},"end":{"line":121,"column":63}}]},"14":{"line":123,"type":"if","locations":[{"start":{"line":123,"column":2},"end":{"line":123,"column":2}},{"start":{"line":123,"column":2},"end":{"line":123,"column":2}}]},"15":{"line":138,"type":"cond-expr","locations":[{"start":{"line":138,"column":46},"end":{"line":138,"column":56}},{"start":{"line":138,"column":59},"end":{"line":138,"column":61}}]}},"code":["'use strict';","","Object.defineProperty(exports, \"__esModule\", {","  value: true","});","exports.loadGetInitialProps = undefined;","","var _regenerator = require('babel-runtime/regenerator');","","var _regenerator2 = _interopRequireDefault(_regenerator);","","var _asyncToGenerator2 = require('babel-runtime/helpers/asyncToGenerator');","","var _asyncToGenerator3 = _interopRequireDefault(_asyncToGenerator2);","","var _assign = require('babel-runtime/core-js/object/assign');","","var _assign2 = _interopRequireDefault(_assign);","","var loadGetInitialProps = exports.loadGetInitialProps = function () {","  var _ref = (0, _asyncToGenerator3.default)(_regenerator2.default.mark(function _callee(Component, ctx) {","    var props, compName, message;","    return _regenerator2.default.wrap(function _callee$(_context) {","      while (1) {","        switch (_context.prev = _context.next) {","          case 0:","            if (Component.getInitialProps) {","              _context.next = 2;","              break;","            }","","            return _context.abrupt('return', {});","","          case 2:","            _context.next = 4;","            return Component.getInitialProps(ctx);","","          case 4:","            props = _context.sent;","","            if (!(!props && (!ctx.res || !ctx.res.finished))) {","              _context.next = 9;","              break;","            }","","            compName = Component.displayName || Component.name;","            message = '\"' + compName + '.getInitialProps()\" should resolve to an object. But found \"' + props + '\" instead.';","            throw new Error(message);","","          case 9:","            return _context.abrupt('return', props);","","          case 10:","          case 'end':","            return _context.stop();","        }","      }","    }, _callee, this);","  }));","","  return function loadGetInitialProps(_x2, _x3) {","    return _ref.apply(this, arguments);","  };","}();","","exports.warn = warn;","exports.execOnce = execOnce;","exports.deprecated = deprecated;","exports.printAndExit = printAndExit;","exports.getLocationOrigin = getLocationOrigin;","exports.getURL = getURL;","","function _interopRequireDefault(obj) { return obj && obj.__esModule ? obj : { default: obj }; }","","function warn(message) {","  if (process.env.NODE_ENV !== 'production') {","    console.error(message);","  }","}","","function execOnce(fn) {","  var _this = this;","","  var used = false;","  return function () {","    for (var _len = arguments.length, args = Array(_len), _key = 0; _key < _len; _key++) {","      args[_key] = arguments[_key];","    }","","    if (!used) {","      used = true;","      fn.apply(_this, args);","    }","  };","}","","function deprecated(fn, message) {","  if (process.env.NODE_ENV === 'production') return fn;","","  var warned = false;","  var newFn = function newFn() {","    if (!warned) {","      warned = true;","      console.error(message);","    }","","    for (var _len2 = arguments.length, args = Array(_len2), _key2 = 0; _key2 < _len2; _key2++) {","      args[_key2] = arguments[_key2];","    }","","    return fn.apply(this, args);","  };","","  // copy all properties","  (0, _assign2.default)(newFn, fn);","","  return newFn;","}","","function printAndExit(message) {","  var code = arguments.length > 1 && arguments[1] !== undefined ? arguments[1] : 1;","","  if (code === 0) {","    console.log(message);","  } else {","    console.error(message);","  }","","  process.exit(code);","}","","function getLocationOrigin() {","  var _window$location = window.location,","      protocol = _window$location.protocol,","      hostname = _window$location.hostname,","      port = _window$location.port;","","  return protocol + '//' + hostname + (port ? ':' + port : '');","}","","function getURL() {","  var href = window.location.href;","","  var origin = getLocationOrigin();","  return href.substring(origin.length);","}"],"l":{"3":1,"6":1,"8":1,"10":1,"12":1,"14":1,"16":1,"18":1,"20":1,"21":1,"22":0,"23":0,"24":0,"25":0,"27":0,"28":0,"29":0,"32":0,"35":0,"36":0,"39":0,"41":0,"42":0,"43":0,"46":0,"47":0,"48":0,"51":0,"55":0,"61":1,"62":0,"66":1,"67":1,"68":1,"69":1,"70":1,"71":1,"73":3,"75":1,"76":0,"77":0,"81":1,"82":3,"84":3,"85":3,"86":0,"87":0,"90":0,"91":0,"92":0,"97":1,"98":0,"100":0,"101":0,"102":0,"103":0,"104":0,"107":0,"108":0,"111":0,"115":0,"117":0,"120":1,"121":0,"123":0,"124":0,"126":0,"129":0,"132":1,"133":0,"138":0,"141":1,"142":0,"144":0,"145":0}},"/home/travis/build/npmtest/node-npmtest-next/node_modules/next/prefetch.js":{"path":"/home/travis/build/npmtest/node-npmtest-next/node_modules/next/prefetch.js","s":{"1":1},"b":{},"f":{},"fnMap":{},"statementMap":{"1":{"start":{"line":1,"column":0},"end":{"line":1,"column":47}}},"branchMap":{},"code":["module.exports = require('./dist/lib/prefetch')",""],"l":{"1":1}},"/home/travis/build/npmtest/node-npmtest-next/node_modules/next/dist/lib/prefetch.js":{"path":"/home/travis/build/npmtest/node-npmtest-next/node_modules/next/dist/lib/prefetch.js","s":{"1":1,"2":1,"3":1,"4":1,"5":1,"6":1,"7":1,"8":1,"9":1,"10":1,"11":1,"12":1,"13":1,"14":1,"15":1,"16":1,"17":1,"18":1,"19":1,"20":1,"21":1,"22":1,"23":9,"24":1,"25":0,"26":0,"27":1,"28":0,"29":0,"30":1,"31":0,"32":0,"33":1,"34":1,"35":1,"36":0,"37":0,"38":1,"39":0,"40":0,"41":0,"42":1,"43":1},"b":{"1":[8,1],"2":[9,9],"3":[0,0]},"f":{"1":9,"2":0,"3":0,"4":0,"5":1,"6":0,"7":0},"fnMap":{"1":{"name":"_interopRequireDefault","line":47,"loc":{"start":{"line":47,"column":0},"end":{"line":47,"column":37}}},"2":{"name":"(anonymous_2)","line":49,"loc":{"start":{"line":49,"column":50},"end":{"line":49,"column":62}}},"3":{"name":"(anonymous_3)","line":54,"loc":{"start":{"line":54,"column":44},"end":{"line":54,"column":56}}},"4":{"name":"prefetch","line":59,"loc":{"start":{"line":59,"column":0},"end":{"line":59,"column":24}}},"5":{"name":"(anonymous_5)","line":64,"loc":{"start":{"line":64,"column":19},"end":{"line":64,"column":47}}},"6":{"name":"LinkPrefetch","line":67,"loc":{"start":{"line":67,"column":2},"end":{"line":67,"column":26}}},"7":{"name":"render","line":74,"loc":{"start":{"line":74,"column":11},"end":{"line":74,"column":29}}}},"statementMap":{"1":{"start":{"line":3,"column":0},"end":{"line":5,"column":3}},"2":{"start":{"line":7,"column":0},"end":{"line":7,"column":57}},"3":{"start":{"line":9,"column":0},"end":{"line":9,"column":50}},"4":{"start":{"line":11,"column":0},"end":{"line":11,"column":79}},"5":{"start":{"line":13,"column":0},"end":{"line":13,"column":63}},"6":{"start":{"line":15,"column":0},"end":{"line":15,"column":71}},"7":{"start":{"line":17,"column":0},"end":{"line":17,"column":64}},"8":{"start":{"line":19,"column":0},"end":{"line":19,"column":65}},"9":{"start":{"line":21,"column":0},"end":{"line":21,"column":58}},"10":{"start":{"line":23,"column":0},"end":{"line":23,"column":93}},"11":{"start":{"line":25,"column":0},"end":{"line":25,"column":86}},"12":{"start":{"line":27,"column":0},"end":{"line":27,"column":59}},"13":{"start":{"line":29,"column":0},"end":{"line":29,"column":52}},"14":{"start":{"line":31,"column":0},"end":{"line":31,"column":28}},"15":{"start":{"line":33,"column":0},"end":{"line":33,"column":30}},"16":{"start":{"line":35,"column":0},"end":{"line":35,"column":45}},"17":{"start":{"line":37,"column":0},"end":{"line":37,"column":30}},"18":{"start":{"line":39,"column":0},"end":{"line":39,"column":43}},"19":{"start":{"line":41,"column":0},"end":{"line":41,"column":34}},"20":{"start":{"line":43,"column":0},"end":{"line":43,"column":47}},"21":{"start":{"line":45,"column":0},"end":{"line":45,"column":32}},"22":{"start":{"line":47,"column":0},"end":{"line":47,"column":95}},"23":{"start":{"line":47,"column":39},"end":{"line":47,"column":93}},"24":{"start":{"line":49,"column":0},"end":{"line":52,"column":3}},"25":{"start":{"line":50,"column":2},"end":{"line":50,"column":144}},"26":{"start":{"line":51,"column":2},"end":{"line":51,"column":28}},"27":{"start":{"line":54,"column":0},"end":{"line":57,"column":3}},"28":{"start":{"line":55,"column":2},"end":{"line":55,"column":140}},"29":{"start":{"line":56,"column":2},"end":{"line":56,"column":28}},"30":{"start":{"line":59,"column":0},"end":{"line":62,"column":1}},"31":{"start":{"line":60,"column":2},"end":{"line":60,"column":27}},"32":{"start":{"line":61,"column":2},"end":{"line":61,"column":41}},"33":{"start":{"line":64,"column":0},"end":{"line":84,"column":29}},"34":{"start":{"line":65,"column":2},"end":{"line":65,"column":58}},"35":{"start":{"line":67,"column":2},"end":{"line":70,"column":3}},"36":{"start":{"line":68,"column":4},"end":{"line":68,"column":54}},"37":{"start":{"line":69,"column":4},"end":{"line":69,"column":154}},"38":{"start":{"line":72,"column":2},"end":{"line":82,"column":6}},"39":{"start":{"line":75,"column":6},"end":{"line":75,"column":25}},"40":{"start":{"line":76,"column":6},"end":{"line":78,"column":9}},"41":{"start":{"line":80,"column":6},"end":{"line":80,"column":66}},"42":{"start":{"line":83,"column":2},"end":{"line":83,"column":22}},"43":{"start":{"line":86,"column":0},"end":{"line":86,"column":31}}},"branchMap":{"1":{"line":47,"type":"cond-expr","locations":[{"start":{"line":47,"column":70},"end":{"line":47,"column":73}},{"start":{"line":47,"column":76},"end":{"line":47,"column":92}}]},"2":{"line":47,"type":"binary-expr","locations":[{"start":{"line":47,"column":46},"end":{"line":47,"column":49}},{"start":{"line":47,"column":53},"end":{"line":47,"column":67}}]},"3":{"line":69,"type":"binary-expr","locations":[{"start":{"line":69,"column":59},"end":{"line":69,"column":81}},{"start":{"line":69,"column":85},"end":{"line":69,"column":128}}]}},"code":["'use strict';","","Object.defineProperty(exports, \"__esModule\", {","  value: true","});","","var _extends2 = require('babel-runtime/helpers/extends');","","var _extends3 = _interopRequireDefault(_extends2);","","var _getPrototypeOf = require('babel-runtime/core-js/object/get-prototype-of');","","var _getPrototypeOf2 = _interopRequireDefault(_getPrototypeOf);","","var _classCallCheck2 = require('babel-runtime/helpers/classCallCheck');","","var _classCallCheck3 = _interopRequireDefault(_classCallCheck2);","","var _createClass2 = require('babel-runtime/helpers/createClass');","","var _createClass3 = _interopRequireDefault(_createClass2);","","var _possibleConstructorReturn2 = require('babel-runtime/helpers/possibleConstructorReturn');","","var _possibleConstructorReturn3 = _interopRequireDefault(_possibleConstructorReturn2);","","var _inherits2 = require('babel-runtime/helpers/inherits');","","var _inherits3 = _interopRequireDefault(_inherits2);","","exports.prefetch = prefetch;","","var _react = require('react');","","var _react2 = _interopRequireDefault(_react);","","var _link = require('./link');","","var _link2 = _interopRequireDefault(_link);","","var _router = require('./router');","","var _router2 = _interopRequireDefault(_router);","","var _utils = require('./utils');","","function _interopRequireDefault(obj) { return obj && obj.__esModule ? obj : { default: obj }; }","","var warnImperativePrefetch = (0, _utils.execOnce)(function () {","  var message = '> You are using deprecated \"next/prefetch\". It will be removed with Next.js 2.0.\\n' + '> Use \"Router.prefetch(href)\" instead.';","  (0, _utils.warn)(message);","});","","var wantLinkPrefetch = (0, _utils.execOnce)(function () {","  var message = '> You are using deprecated \"next/prefetch\". It will be removed with Next.js 2.0.\\n' + '> Use \"<Link prefetch />\" instead.';","  (0, _utils.warn)(message);","});","","function prefetch(href) {","  warnImperativePrefetch();","  return _router2.default.prefetch(href);","}","","var LinkPrefetch = function (_React$Component) {","  (0, _inherits3.default)(LinkPrefetch, _React$Component);","","  function LinkPrefetch() {","    (0, _classCallCheck3.default)(this, LinkPrefetch);","    return (0, _possibleConstructorReturn3.default)(this, (LinkPrefetch.__proto__ || (0, _getPrototypeOf2.default)(LinkPrefetch)).apply(this, arguments));","  }","","  (0, _createClass3.default)(LinkPrefetch, [{","    key: 'render',","    value: function render() {","      wantLinkPrefetch();","      var props = (0, _extends3.default)({}, this.props, {","        prefetch: this.props.prefetch !== false","      });","","      return _react2.default.createElement(_link2.default, props);","    }","  }]);","  return LinkPrefetch;","}(_react2.default.Component);","","exports.default = LinkPrefetch;"],"l":{"3":1,"7":1,"9":1,"11":1,"13":1,"15":1,"17":1,"19":1,"21":1,"23":1,"25":1,"27":1,"29":1,"31":1,"33":1,"35":1,"37":1,"39":1,"41":1,"43":1,"45":1,"47":9,"49":1,"50":0,"51":0,"54":1,"55":0,"56":0,"59":1,"60":0,"61":0,"64":1,"65":1,"67":1,"68":0,"69":0,"72":1,"75":0,"76":0,"80":0,"83":1,"86":1}},"/home/travis/build/npmtest/node-npmtest-next/node_modules/next/router.js":{"path":"/home/travis/build/npmtest/node-npmtest-next/node_modules/next/router.js","s":{"1":1},"b":{},"f":{},"fnMap":{},"statementMap":{"1":{"start":{"line":1,"column":0},"end":{"line":1,"column":45}}},"branchMap":{},"code":["module.exports = require('./dist/lib/router')",""],"l":{"1":1}}}